[23:31:52] [main/DEBUG] [FML/]: Injecting tracing printstreams for STDOUT/STDERR.
[23:31:52] [main/INFO] [FML/]: Forge Mod Loader version 7.99.40.1614 for Minecraft 1.7.10 loading
[23:31:52] [main/INFO] [FML/]: Java is Java HotSpot(TM) 64-Bit Server VM, version 1.8.0_51, running on Windows 8.1:amd64:6.3, installed at C:\Users\Cera\AppData\Roaming\.minecraft\runtime\jre-legacy
[23:31:52] [main/DEBUG] [FML/]: Java classpath at launch is C:\Greenified\.minecraft\libraries\com\mojang\netty\1.8.8\netty-1.8.8.jar;C:\Greenified\.minecraft\libraries\com\mojang\realms\1.3.5\realms-1.3.5.jar;C:\Greenified\.minecraft\libraries\org\apache\commons\commons-compress\1.8.1\commons-compress-1.8.1.jar;C:\Greenified\.minecraft\libraries\org\apache\httpcomponents\httpclient\4.3.3\httpclient-4.3.3.jar;C:\Greenified\.minecraft\libraries\commons-logging\commons-logging\1.1.3\commons-logging-1.1.3.jar;C:\Greenified\.minecraft\libraries\org\apache\httpcomponents\httpcore\4.3.2\httpcore-4.3.2.jar;C:\Greenified\.minecraft\libraries\java3d\vecmath\1.3.1\vecmath-1.3.1.jar;C:\Greenified\.minecraft\libraries\net\sf\trove4j\trove4j\3.0.3\trove4j-3.0.3.jar;C:\Greenified\.minecraft\libraries\com\ibm\icu\icu4j-core-mojang\51.2\icu4j-core-mojang-51.2.jar;C:\Greenified\.minecraft\libraries\net\sf\jopt-simple\jopt-simple\4.5\jopt-simple-4.5.jar;C:\Greenified\.minecraft\libraries\com\paulscode\codecjorbis\20101023\codecjorbis-20101023.jar;C:\Greenified\.minecraft\libraries\com\paulscode\codecwav\20101023\codecwav-20101023.jar;C:\Greenified\.minecraft\libraries\com\paulscode\libraryjavasound\20101123\libraryjavasound-20101123.jar;C:\Greenified\.minecraft\libraries\com\paulscode\librarylwjglopenal\20100824\librarylwjglopenal-20100824.jar;C:\Greenified\.minecraft\libraries\com\paulscode\soundsystem\20120107\soundsystem-20120107.jar;C:\Greenified\.minecraft\libraries\io\netty\netty-all\4.0.10.Final\netty-all-4.0.10.Final.jar;C:\Greenified\.minecraft\libraries\com\google\guava\guava\17.0\guava-17.0.jar;C:\Greenified\.minecraft\libraries\org\apache\commons\commons-lang3\3.3.2\commons-lang3-3.3.2.jar;C:\Greenified\.minecraft\libraries\commons-io\commons-io\2.4\commons-io-2.4.jar;C:\Greenified\.minecraft\libraries\commons-codec\commons-codec\1.9\commons-codec-1.9.jar;C:\Greenified\.minecraft\libraries\net\java\jinput\jinput\2.0.5\jinput-2.0.5.jar;C:\Greenified\.minecraft\libraries\net\java\jutils\jutils\1.0.0\jutils-1.0.0.jar;C:\Greenified\.minecraft\libraries\com\google\code\gson\gson\2.2.4\gson-2.2.4.jar;C:\Greenified\.minecraft\libraries\com\mojang\authlib\1.5.21\authlib-1.5.21.jar;C:\Greenified\.minecraft\libraries\org\apache\logging\log4j\log4j-api\2.0-beta9\log4j-api-2.0-beta9.jar;C:\Greenified\.minecraft\libraries\org\apache\logging\log4j\log4j-core\2.0-beta9\log4j-core-2.0-beta9.jar;C:\Greenified\.minecraft\libraries\org\lwjgl\lwjgl\lwjgl\2.9.1\lwjgl-2.9.1.jar;C:\Greenified\.minecraft\libraries\org\lwjgl\lwjgl\lwjgl_util\2.9.1\lwjgl_util-2.9.1.jar;C:\Greenified\.minecraft\libraries\tv\twitch\twitch\5.16\twitch-5.16.jar;C:\Greenified\.minecraft\libraries\net\minecraftforge\forge\1.7.10-10.13.4.1614-1.7.10\forge-1.7.10-10.13.4.1614-1.7.10.jar;C:\Greenified\.minecraft\libraries\net\minecraft\launchwrapper\1.12\launchwrapper-1.12.jar;C:\Greenified\.minecraft\libraries\org\ow2\asm\asm-all\5.0.3\asm-all-5.0.3.jar;C:\Greenified\.minecraft\libraries\com\typesafe\akka\akka-actor_2.11\2.3.3\akka-actor_2.11-2.3.3.jar;C:\Greenified\.minecraft\libraries\com\typesafe\config\1.2.1\config-1.2.1.jar;C:\Greenified\.minecraft\libraries\org\scala-lang\scala-actors-migration_2.11\1.1.0\scala-actors-migration_2.11-1.1.0.jar;C:\Greenified\.minecraft\libraries\org\scala-lang\scala-compiler\2.11.1\scala-compiler-2.11.1.jar;C:\Greenified\.minecraft\libraries\org\scala-lang\plugins\scala-continuations-library_2.11\1.0.2\scala-continuations-library_2.11-1.0.2.jar;C:\Greenified\.minecraft\libraries\org\scala-lang\plugins\scala-continuations-plugin_2.11.1\1.0.2\scala-continuations-plugin_2.11.1-1.0.2.jar;C:\Greenified\.minecraft\libraries\org\scala-lang\scala-library\2.11.1\scala-library-2.11.1.jar;C:\Greenified\.minecraft\libraries\org\scala-lang\scala-parser-combinators_2.11\1.0.1\scala-parser-combinators_2.11-1.0.1.jar;C:\Greenified\.minecraft\libraries\org\scala-lang\scala-reflect\2.11.1\scala-reflect-2.11.1.jar;C:\Greenified\.minecraft\libraries\org\scala-lang\scala-swing_2.11\1.0.1\scala-swing_2.11-1.0.1.jar;C:\Greenified\.minecraft\libraries\org\scala-lang\scala-xml_2.11\1.0.2\scala-xml_2.11-1.0.2.jar;C:\Greenified\.minecraft\libraries\lzma\lzma\0.0.1\lzma-0.0.1.jar;C:\Greenified\.minecraft\versions\XPlus OptiReady based on Minecraft 1.7.10 (Forge)\XPlus OptiReady based on Minecraft 1.7.10 (Forge).jar
[23:31:52] [main/DEBUG] [FML/]: Java library path at launch is C:\Greenified\.minecraft\versions\XPlus OptiReady based on Minecraft 1.7.10 (Forge)\XPlus OptiReady based on Minecraft 1.7.10 (Forge)-natives
[23:31:52] [main/DEBUG] [FML/]: Enabling runtime deobfuscation
[23:31:52] [main/DEBUG] [FML/]: Instantiating coremod class FMLCorePlugin
[23:31:52] [main/DEBUG] [FML/]: Added access transformer class cpw.mods.fml.common.asm.transformers.AccessTransformer to enqueued access transformers
[23:31:52] [main/DEBUG] [FML/]: Enqueued coremod FMLCorePlugin
[23:31:52] [main/DEBUG] [FML/]: Instantiating coremod class FMLForgePlugin
[23:31:52] [main/DEBUG] [FML/]: Added access transformer class net.minecraftforge.transformers.ForgeAccessTransformer to enqueued access transformers
[23:31:52] [main/DEBUG] [FML/]: Enqueued coremod FMLForgePlugin
[23:31:52] [main/DEBUG] [FML/]: All fundamental core mods are successfully located
[23:31:52] [main/DEBUG] [FML/]: Attempting to load commandline specified mods, relative to C:\Greenified\.minecraft\versions\XPlus OptiReady based on Minecraft 1.7.10 (Forge)
[23:31:52] [main/DEBUG] [FML/]: Discovering coremods
[23:31:52] [main/DEBUG] [FML/]: Examining for coremod candidacy [1.7.10]DamageIndicatorsMod-3.3.2.jar
[23:31:52] [main/DEBUG] [FML/]: Not found coremod data in [1.7.10]DamageIndicatorsMod-3.3.2.jar
[23:31:52] [main/DEBUG] [FML/]: Examining for coremod candidacy Advanced Solar Panels-3.5.1.jar
[23:31:52] [main/DEBUG] [FML/]: Not found coremod data in Advanced Solar Panels-3.5.1.jar
[23:31:52] [main/DEBUG] [FML/]: Examining for coremod candidacy adventurebackpack-1.4.9-GTNH.jar
[23:31:52] [main/DEBUG] [FML/]: Not found coremod data in adventurebackpack-1.4.9-GTNH.jar
[23:31:52] [main/DEBUG] [FML/]: Examining for coremod candidacy armorchroma-1.2-1.7.10.jar
[23:31:52] [main/DEBUG] [FML/]: Not found coremod data in armorchroma-1.2-1.7.10.jar
[23:31:52] [main/DEBUG] [FML/]: Examining for coremod candidacy Bamboo-2.6.8.5.jar
[23:31:52] [main/DEBUG] [FML/]: Not found coremod data in Bamboo-2.6.8.5.jar
[23:31:52] [main/DEBUG] [FML/]: Examining for coremod candidacy BetterFps-1.0.1.jar
[23:31:52] [main/INFO] [FML/]: Loading tweaker me.guichaguri.betterfps.tweaker.BetterFpsTweaker from BetterFps-1.0.1.jar
[23:31:52] [main/DEBUG] [FML/]: Examining for coremod candidacy BetterSprinting-1.7.10-v2.3.0.jar
[23:31:52] [main/TRACE] [FML/]: Found FMLCorePluginContainsFMLMod marker in BetterSprinting-1.7.10-v2.3.0.jar, it will be examined later for regular @Mod instances
[23:31:52] [main/DEBUG] [FML/]: Instantiating coremod class BetterSprintingCore
[23:31:52] [main/DEBUG] [FML/]: The coremod chylex.bettersprinting.system.core.BetterSprintingCore requested minecraft version 1.7.10 and minecraft is 1.7.10. It will be loaded.
[23:31:52] [main/DEBUG] [FML/]: Enqueued coremod BetterSprintingCore
[23:31:52] [main/DEBUG] [FML/]: Examining for coremod candidacy BetterTitleScreen-1.7.10-1.1.jar
[23:31:52] [main/DEBUG] [FML/]: Not found coremod data in BetterTitleScreen-1.7.10-1.1.jar
[23:31:52] [main/DEBUG] [FML/]: Examining for coremod candidacy BiblioCraft[v1.11.7][MC1.7.10].jar
[23:31:52] [main/DEBUG] [FML/]: Not found coremod data in BiblioCraft[v1.11.7][MC1.7.10].jar
[23:31:52] [main/DEBUG] [FML/]: Examining for coremod candidacy buildcraft-7.1.27.jar
[23:31:52] [main/DEBUG] [FML/]: Not found coremod data in buildcraft-7.1.27.jar
[23:31:52] [main/DEBUG] [FML/]: Examining for coremod candidacy campfirebackport-1.7.10-1.11.3.jar
[23:31:52] [main/INFO] [FML/]: Loading tweaker org.spongepowered.asm.launch.MixinTweaker from campfirebackport-1.7.10-1.11.3.jar
[23:31:52] [main/DEBUG] [FML/]: Examining for coremod candidacy CandyCraft-1.3.jar
[23:31:52] [main/DEBUG] [FML/]: Not found coremod data in CandyCraft-1.3.jar
[23:31:52] [main/DEBUG] [FML/]: Examining for coremod candidacy CodeChickenCore-1.4.10.jar
[23:31:52] [main/TRACE] [FML/]: Adding CodeChickenCore-1.4.10.jar to the list of known coremods, it will not be examined again
[23:31:52] [main/DEBUG] [FML/]: Instantiating coremod class CodeChickenCorePlugin
[23:31:52] [main/DEBUG] [FML/]: The coremod codechicken.core.launch.CodeChickenCorePlugin requested minecraft version 1.7.10 and minecraft is 1.7.10. It will be loaded.
[23:31:52] [main/DEBUG] [FML/]: Enqueued coremod CodeChickenCorePlugin
[23:31:52] [main/DEBUG] [FML/]: Examining for coremod candidacy CodeChickenLib-1.2.0.jar
[23:31:52] [main/DEBUG] [FML/]: Not found coremod data in CodeChickenLib-1.2.0.jar
[23:31:52] [main/DEBUG] [FML/]: Examining for coremod candidacy CoFHCore-[1.7.10]3.1.4-329.jar
[23:31:52] [main/TRACE] [FML/]: Found FMLCorePluginContainsFMLMod marker in CoFHCore-[1.7.10]3.1.4-329.jar, it will be examined later for regular @Mod instances
[23:31:52] [main/DEBUG] [FML/]: Instantiating coremod class LoadingPlugin
[23:31:52] [main/WARN] [FML/]: The coremod cofh.asm.LoadingPlugin does not have a MCVersion annotation, it may cause issues with this version of Minecraft
[23:31:52] [main/DEBUG] [FML/]: Added access transformer class cofh.asm.CoFHAccessTransformer to enqueued access transformers
[23:31:52] [main/DEBUG] [FML/]: Enqueued coremod LoadingPlugin
[23:31:52] [main/DEBUG] [FML/]: Examining for coremod candidacy ColourfulPortals-1.4.3.jar
[23:31:52] [main/DEBUG] [FML/]: Not found coremod data in ColourfulPortals-1.4.3.jar
[23:31:52] [main/DEBUG] [FML/]: Examining for coremod candidacy CraftGuide-1.7.1.0-forge.jar
[23:31:52] [main/DEBUG] [FML/]: Not found coremod data in CraftGuide-1.7.1.0-forge.jar
[23:31:52] [main/DEBUG] [FML/]: Examining for coremod candidacy DurabilityShow-1.7.10-1.2.0.jar
[23:31:52] [main/DEBUG] [FML/]: Not found coremod data in DurabilityShow-1.7.10-1.2.0.jar
[23:31:52] [main/DEBUG] [FML/]: Examining for coremod candidacy etfuturum-2.6.2.jar
[23:31:52] [main/INFO] [FML/]: Loading tweaker org.spongepowered.asm.launch.MixinTweaker from etfuturum-2.6.2.jar
[23:31:52] [main/DEBUG] [FML/]: Examining for coremod candidacy FoamFix-1.7.10-universal-1.0.0.jar
[23:31:52] [main/TRACE] [FML/]: Found FMLCorePluginContainsFMLMod marker in FoamFix-1.7.10-universal-1.0.0.jar, it will be examined later for regular @Mod instances
[23:31:52] [main/DEBUG] [FML/]: Instantiating coremod class FoamFixCore
[23:31:52] [main/TRACE] [FML/]: coremod named FoamFix/1.7 (Do not report to Forge!) is loading
[23:31:52] [main/WARN] [FML/]: The coremod pl.asie.foamfix.coremod.FoamFixCore does not have a MCVersion annotation, it may cause issues with this version of Minecraft
[23:31:52] [main/DEBUG] [FML/]: Enqueued coremod FoamFix/1.7 (Do not report to Forge!)
[23:31:52] [main/DEBUG] [FML/]: Examining for coremod candidacy FoodCraft-16.8.9-1.2.1-1.7.10.jar
[23:31:52] [main/DEBUG] [FML/]: Not found coremod data in FoodCraft-16.8.9-1.2.1-1.7.10.jar
[23:31:52] [main/DEBUG] [FML/]: Examining for coremod candidacy forestry_1.7.10-4.2.16.64.jar
[23:31:52] [main/INFO] [FML/]: Loading tweaker forestry.shade.javacheck.Java7Checker from forestry_1.7.10-4.2.16.64.jar
[23:31:52] [main/DEBUG] [FML/]: Examining for coremod candidacy FpsReducer-mc1.7.10-1.10.3.jar
[23:31:52] [main/DEBUG] [FML/]: Not found coremod data in FpsReducer-mc1.7.10-1.10.3.jar
[23:31:52] [main/DEBUG] [FML/]: Examining for coremod candidacy Galacticraft-1.7-3.0.12.504.jar
[23:31:52] [main/TRACE] [FML/]: Found FMLCorePluginContainsFMLMod marker in Galacticraft-1.7-3.0.12.504.jar, it will be examined later for regular @Mod instances
[23:31:52] [main/DEBUG] [FML/]: Instantiating coremod class MicdoodlePlugin
[23:31:52] [main/WARN] [FML/]: The coremod micdoodle8.mods.miccore.MicdoodlePlugin does not have a MCVersion annotation, it may cause issues with this version of Minecraft
[23:31:52] [main/INFO] [STDOUT/]: [micdoodle8.mods.miccore.DepLoader$DepLoadInst:<init>:333]: MicdoodleCore searching for dependencies in mods file: C:\Greenified\.minecraft\versions\XPlus OptiReady based on Minecraft 1.7.10 (Forge)\mods
[23:31:52] [main/DEBUG] [FML/]: Added access transformer class micdoodle8.mods.miccore.MicdoodleAccessTransformer to enqueued access transformers
[23:31:52] [main/DEBUG] [FML/]: Enqueued coremod MicdoodlePlugin
[23:31:52] [main/DEBUG] [FML/]: Examining for coremod candidacy industrialcraft-2-2.2.828-experimental.jar
[23:31:52] [main/TRACE] [FML/]: Found FMLCorePluginContainsFMLMod marker in industrialcraft-2-2.2.828-experimental.jar, it will be examined later for regular @Mod instances
[23:31:52] [main/DEBUG] [FML/]: Instantiating coremod class IC2core
[23:31:52] [main/WARN] [FML/]: The coremod ic2.core.coremod.IC2core does not have a MCVersion annotation, it may cause issues with this version of Minecraft
[23:31:52] [main/DEBUG] [FML/]: Enqueued coremod IC2core
[23:31:52] [main/DEBUG] [FML/]: Examining for coremod candidacy InputFix-1.7.10-v6.jar
[23:31:52] [main/TRACE] [FML/]: Adding InputFix-1.7.10-v6.jar to the list of known coremods, it will not be examined again
[23:31:52] [main/DEBUG] [FML/]: Instantiating coremod class InputFix
[23:31:52] [main/TRACE] [FML/]: coremod named InputFix is loading
[23:31:52] [main/DEBUG] [FML/]: The coremod lain.mods.inputfix.InputFix requested minecraft version 1.7.10 and minecraft is 1.7.10. It will be loaded.
[23:31:52] [main/DEBUG] [FML/]: Enqueued coremod InputFix
[23:31:52] [main/DEBUG] [FML/]: Examining for coremod candidacy InventoryTweaks-1.59-dev-152.jar
[23:31:52] [main/TRACE] [FML/]: Found FMLCorePluginContainsFMLMod marker in InventoryTweaks-1.59-dev-152.jar, it will be examined later for regular @Mod instances
[23:31:52] [main/DEBUG] [FML/]: Instantiating coremod class FMLPlugin
[23:31:52] [main/WARN] [FML/]: The coremod invtweaks.forge.asm.FMLPlugin does not have a MCVersion annotation, it may cause issues with this version of Minecraft
[23:31:52] [main/DEBUG] [FML/]: Added access transformer class invtweaks.forge.asm.ITAccessTransformer to enqueued access transformers
[23:31:52] [main/DEBUG] [FML/]: Enqueued coremod FMLPlugin
[23:31:52] [main/DEBUG] [FML/]: Examining for coremod candidacy ItemPhysic Lite 1.1.5 mc1.7.10.jar
[23:31:52] [main/TRACE] [FML/]: Adding ItemPhysic Lite 1.1.5 mc1.7.10.jar to the list of known coremods, it will not be examined again
[23:31:52] [main/DEBUG] [FML/]: Instantiating coremod class ItemPatchingLoader
[23:31:52] [main/DEBUG] [FML/]: The coremod com.creativemd.itemphysic.ItemPatchingLoader requested minecraft version 1.7.10 and minecraft is 1.7.10. It will be loaded.
[23:31:52] [main/DEBUG] [FML/]: Enqueued coremod ItemPatchingLoader
[23:31:52] [main/DEBUG] [FML/]: Examining for coremod candidacy itlt-1.7.x-1.0.3.jar
[23:31:52] [main/DEBUG] [FML/]: Not found coremod data in itlt-1.7.x-1.0.3.jar
[23:31:52] [main/DEBUG] [FML/]: Examining for coremod candidacy journeymap-1.7.10-5.2.10-unlimited.jar
[23:31:52] [main/DEBUG] [FML/]: Not found coremod data in journeymap-1.7.10-5.2.10-unlimited.jar
[23:31:52] [main/DEBUG] [FML/]: Examining for coremod candidacy LLOverlayReloaded-1.0.7-mc1.7.10.jar
[23:31:52] [main/DEBUG] [FML/]: Not found coremod data in LLOverlayReloaded-1.0.7-mc1.7.10.jar
[23:31:52] [main/DEBUG] [FML/]: Examining for coremod candidacy LunatriusCore-1.7.10-1.1.2.21-universal.jar
[23:31:52] [main/DEBUG] [FML/]: Not found coremod data in LunatriusCore-1.7.10-1.1.2.21-universal.jar
[23:31:52] [main/DEBUG] [FML/]: Examining for coremod candidacy MouseTweaks-2.4.4-mc1.7.10.jar
[23:31:52] [main/DEBUG] [FML/]: Not found coremod data in MouseTweaks-2.4.4-mc1.7.10.jar
[23:31:52] [main/DEBUG] [FML/]: Examining for coremod candidacy neiaddons-1.12.15.41-mc1.7.10.jar
[23:31:52] [main/DEBUG] [FML/]: Not found coremod data in neiaddons-1.12.15.41-mc1.7.10.jar
[23:31:52] [main/DEBUG] [FML/]: Examining for coremod candidacy NEIIntegration-MC1.7.10-1.1.2.jar
[23:31:52] [main/DEBUG] [FML/]: Not found coremod data in NEIIntegration-MC1.7.10-1.1.2.jar
[23:31:52] [main/DEBUG] [FML/]: Examining for coremod candidacy NotEnoughItems-2.8.50-GTNH.jar
[23:31:52] [main/TRACE] [FML/]: Adding NotEnoughItems-2.8.50-GTNH.jar to the list of known coremods, it will not be examined again
[23:31:52] [main/DEBUG] [FML/]: Instantiating coremod class NEICorePlugin
[23:31:52] [main/DEBUG] [FML/]: The coremod codechicken.nei.asm.NEICorePlugin requested minecraft version 1.7.10 and minecraft is 1.7.10. It will be loaded.
[23:31:52] [main/DEBUG] [FML/]: Enqueued coremod NEICorePlugin
[23:31:52] [main/DEBUG] [FML/]: Examining for coremod candidacy NotEnoughPets-1.7.10-2.4.1.jar
[23:31:52] [main/DEBUG] [FML/]: Not found coremod data in NotEnoughPets-1.7.10-2.4.1.jar
[23:31:52] [main/DEBUG] [FML/]: Examining for coremod candidacy OmniOcular-1.7.10-1.0build103.jar
[23:31:52] [main/TRACE] [FML/]: Found FMLCorePluginContainsFMLMod marker in OmniOcular-1.7.10-1.0build103.jar, it will be examined later for regular @Mod instances
[23:31:52] [main/DEBUG] [FML/]: Instantiating coremod class Core
[23:31:52] [main/DEBUG] [FML/]: The coremod me.exz.omniocular.asm.Core requested minecraft version 1.7.10 and minecraft is 1.7.10. It will be loaded.
[23:31:52] [main/DEBUG] [FML/]: Enqueued coremod Core
[23:31:52] [main/DEBUG] [FML/]: Examining for coremod candidacy OptiFine_1.7.10_HD_U_E7.jar
[23:31:52] [main/INFO] [FML/]: Loading tweaker optifine.OptiFineForgeTweaker from OptiFine_1.7.10_HD_U_E7.jar
[23:31:52] [main/DEBUG] [FML/]: Examining for coremod candidacy Railcraft_1.7.10-9.12.2.1.jar
[23:31:52] [main/DEBUG] [FML/]: Not found coremod data in Railcraft_1.7.10-9.12.2.1.jar
[23:31:52] [main/DEBUG] [FML/]: Examining for coremod candidacy Schematica-1.7.10-1.7.6.131-universal.jar
[23:31:53] [main/DEBUG] [FML/]: Not found coremod data in Schematica-1.7.10-1.7.6.131-universal.jar
[23:31:53] [main/DEBUG] [FML/]: Examining for coremod candidacy simpleleather-1.7.10-1.0.jar
[23:31:53] [main/DEBUG] [FML/]: Not found coremod data in simpleleather-1.7.10-1.0.jar
[23:31:53] [main/DEBUG] [FML/]: Examining for coremod candidacy SkidGen-1.0.0.jar
[23:31:53] [main/INFO] [FML/]: Loading tweaker org.spongepowered.asm.launch.MixinTweaker from SkidGen-1.0.0.jar
[23:31:53] [main/DEBUG] [FML/]: Examining for coremod candidacy Somnia-1.4.8.55.jar
[23:31:53] [main/TRACE] [FML/]: Found FMLCorePluginContainsFMLMod marker in Somnia-1.4.8.55.jar, it will be examined later for regular @Mod instances
[23:31:53] [main/DEBUG] [FML/]: Instantiating coremod class SFMLLoadingPlugin
[23:31:53] [main/DEBUG] [FML/]: The coremod com.kingrunes.somnia.asm.SFMLLoadingPlugin requested minecraft version 1.7.10 and minecraft is 1.7.10. It will be loaded.
[23:31:53] [main/DEBUG] [FML/]: Enqueued coremod SFMLLoadingPlugin
[23:31:53] [main/DEBUG] [FML/]: Examining for coremod candidacy ThermalExpansion-[1.7.10]4.1.5-248.jar
[23:31:53] [main/DEBUG] [FML/]: Not found coremod data in ThermalExpansion-[1.7.10]4.1.5-248.jar
[23:31:53] [main/DEBUG] [FML/]: Examining for coremod candidacy ThermalFoundation-[1.7.10]1.2.6-118.jar
[23:31:53] [main/DEBUG] [FML/]: Not found coremod data in ThermalFoundation-[1.7.10]1.2.6-118.jar
[23:31:53] [main/DEBUG] [FML/]: Examining for coremod candidacy TheToolTooltipTool-1.7.10-0.3.0-4-universal.jar
[23:31:53] [main/DEBUG] [FML/]: Not found coremod data in TheToolTooltipTool-1.7.10-0.3.0-4-universal.jar
[23:31:53] [main/DEBUG] [FML/]: Examining for coremod candidacy TwilightForest-2.4.3.jar
[23:31:53] [main/DEBUG] [FML/]: Not found coremod data in TwilightForest-2.4.3.jar
[23:31:53] [main/DEBUG] [FML/]: Examining for coremod candidacy UniDict-1.7.10-2.9.2.jar
[23:31:53] [main/DEBUG] [FML/]: Not found coremod data in UniDict-1.7.10-2.9.2.jar
[23:31:53] [main/DEBUG] [FML/]: Examining for coremod candidacy unimixins-all-1.7.10-0.2.1.jar
[23:31:53] [main/INFO] [FML/]: Loading tweaker org.spongepowered.asm.launch.MixinTweaker from unimixins-all-1.7.10-0.2.1.jar
[23:31:53] [main/DEBUG] [FML/]: Examining for coremod candidacy VeinMiner-1.7.10-0.36.0.496+28a7f13.jar
[23:31:53] [main/DEBUG] [FML/]: Not found coremod data in VeinMiner-1.7.10-0.36.0.496+28a7f13.jar
[23:31:53] [main/DEBUG] [FML/]: Examining for coremod candidacy VillageNames-1.7.10-4.4.13.jar
[23:31:53] [main/DEBUG] [FML/]: Not found coremod data in VillageNames-1.7.10-4.4.13.jar
[23:31:53] [main/DEBUG] [FML/]: Examining for coremod candidacy Waila-1.5.10_1.7.10.jar
[23:31:53] [main/DEBUG] [FML/]: Not found coremod data in Waila-1.5.10_1.7.10.jar
[23:31:53] [main/DEBUG] [FML/]: Examining for coremod candidacy WAILA-features-1.7.10-0.1.0.jar
[23:31:53] [main/DEBUG] [FML/]: Not found coremod data in WAILA-features-1.7.10-0.1.0.jar
[23:31:53] [main/DEBUG] [FML/]: Examining for coremod candidacy WailaHarvestability-mc1.7.10-1.1.6.jar
[23:31:53] [main/DEBUG] [FML/]: Not found coremod data in WailaHarvestability-mc1.7.10-1.1.6.jar
[23:31:53] [main/DEBUG] [FML/]: Examining for coremod candidacy WanionLib-1.7.10-1.8.jar
[23:31:53] [main/DEBUG] [FML/]: Not found coremod data in WanionLib-1.7.10-1.8.jar
[23:31:53] [main/DEBUG] [FML/]: Examining for coremod candidacy weaponmod-1.14.3.jar
[23:31:53] [main/DEBUG] [FML/]: Not found coremod data in weaponmod-1.14.3.jar
[23:31:53] [main/DEBUG] [FML/]: Examining for coremod candidacy worldedit-forge-mc1.7.10-6.1.1-dist.jar
[23:31:53] [main/DEBUG] [FML/]: Not found coremod data in worldedit-forge-mc1.7.10-6.1.1-dist.jar
[23:31:53] [main/DEBUG] [FML/]: Examining for coremod candidacy WorldEditCuiFe-v1.0.7-mf-1.7.10-10.13.4.1566.jar
[23:31:53] [main/DEBUG] [FML/]: Not found coremod data in WorldEditCuiFe-v1.0.7-mf-1.7.10-10.13.4.1566.jar
[23:31:53] [main/DEBUG] [FML/]: Examining for coremod candidacy yarrcutemobmodels-1.0.9-1.7.10.jar
[23:31:53] [main/DEBUG] [FML/]: Not found coremod data in yarrcutemobmodels-1.0.9-1.7.10.jar
[23:31:53] [main/DEBUG] [FML/]: Examining for coremod candidacy ZyinsHUD-(1.7.10)-v.1.3.9.jar
[23:31:53] [main/DEBUG] [FML/]: Not found coremod data in ZyinsHUD-(1.7.10)-v.1.3.9.jar
[23:31:53] [main/INFO] [LaunchWrapper/]: Loading tweak class name cpw.mods.fml.common.launcher.FMLInjectionAndSortingTweaker
[23:31:53] [main/INFO] [LaunchWrapper/]: Loading tweak class name me.guichaguri.betterfps.tweaker.BetterFpsTweaker
[23:31:53] [main/INFO] [LaunchWrapper/]: Loading tweak class name org.spongepowered.asm.launch.MixinTweaker
[23:31:53] [main/DEBUG] [mixin/]: MixinService [LaunchWrapper] was successfully booted in sun.misc.Launcher$AppClassLoader@5c647e05
[23:31:53] [main/INFO] [mixin/]: SpongePowered MIXIN Subsystem Version=0.7.11 Source=file:/C:/Greenified/.minecraft/versions/XPlus%20OptiReady%20based%20on%20Minecraft%201.7.10%20(Forge)/mods/campfirebackport-1.7.10-1.11.3.jar Service=LaunchWrapper Env=CLIENT
[23:31:53] [main/DEBUG] [mixin/]: Adding new mixin transformer proxy #1
[23:31:53] [main/DEBUG] [mixin/]: Initialising Mixin Platform Manager
[23:31:53] [main/DEBUG] [mixin/]: Mixin platform: primary container is file:/C:/Greenified/.minecraft/versions/XPlus%20OptiReady%20based%20on%20Minecraft%201.7.10%20(Forge)/mods/campfirebackport-1.7.10-1.11.3.jar
[23:31:53] [main/DEBUG] [mixin/]: Adding mixin platform agents for container file:/C:/Greenified/.minecraft/versions/XPlus%20OptiReady%20based%20on%20Minecraft%201.7.10%20(Forge)/mods/campfirebackport-1.7.10-1.11.3.jar
[23:31:53] [main/DEBUG] [mixin/]: Instancing new MixinPlatformAgentFML for file:/C:/Greenified/.minecraft/versions/XPlus%20OptiReady%20based%20on%20Minecraft%201.7.10%20(Forge)/mods/campfirebackport-1.7.10-1.11.3.jar
[23:31:53] [main/DEBUG] [mixin/]: ForceLoadAsMod was specified for campfirebackport-1.7.10-1.11.3.jar, attempting force-load
[23:31:53] [main/DEBUG] [mixin/]: Adding campfirebackport-1.7.10-1.11.3.jar to reparseable coremod collection
[23:31:53] [main/DEBUG] [mixin/]: campfirebackport-1.7.10-1.11.3.jar has core plugin connor135246.campfirebackport.CampfireBackportMixins. Injecting it into FML for co-initialisation:
[23:31:53] [main/DEBUG] [FML/]: Instantiating coremod class CampfireBackportMixins
[23:31:53] [main/TRACE] [FML/]: coremod named campfirebackportmixins is loading
[23:31:53] [main/DEBUG] [FML/]: The coremod connor135246.campfirebackport.CampfireBackportMixins requested minecraft version 1.7.10 and minecraft is 1.7.10. It will be loaded.
[23:31:53] [main/DEBUG] [mixin/]: Preparing mixins for MixinEnvironment[PREINIT]
[23:31:53] [main/INFO] [campfirebackportmixins/]: Mixins are enabled!
[23:31:53] [main/INFO] [mixin/]: Compatibility level set to JAVA_8
[23:31:53] [main/INFO] [campfirebackportmixins/]: Vanilla mixins will be applied.
[23:31:53] [main/INFO] [campfirebackportmixins/]: Did not find the mod "Witchery".
[23:31:53] [main/INFO] [campfirebackportmixins/]: "Witchery" mixins will NOT be applied.
[23:31:53] [main/INFO] [campfirebackportmixins/]: Did not find the mod "Thaumcraft".
[23:31:53] [main/INFO] [campfirebackportmixins/]: "Thaumcraft" mixins will NOT be applied.
[23:31:53] [main/DEBUG] [FML/]: Enqueued coremod campfirebackportmixins
[23:31:53] [main/DEBUG] [mixin/]: Instancing new MixinPlatformAgentDefault for file:/C:/Greenified/.minecraft/versions/XPlus%20OptiReady%20based%20on%20Minecraft%201.7.10%20(Forge)/mods/campfirebackport-1.7.10-1.11.3.jar
[23:31:53] [main/DEBUG] [mixin/]: Scanning file:/C:/Greenified/PCL/JavaWrapper.jar for mixin tweaker
[23:31:53] [main/DEBUG] [mixin/]: Scanning file:/C:/Greenified/.minecraft/libraries/com/mojang/netty/1.8.8/netty-1.8.8.jar for mixin tweaker
[23:31:53] [main/DEBUG] [mixin/]: Scanning file:/C:/Greenified/.minecraft/libraries/com/mojang/realms/1.3.5/realms-1.3.5.jar for mixin tweaker
[23:31:53] [main/DEBUG] [mixin/]: Scanning file:/C:/Greenified/.minecraft/libraries/org/apache/commons/commons-compress/1.8.1/commons-compress-1.8.1.jar for mixin tweaker
[23:31:53] [main/DEBUG] [mixin/]: Scanning file:/C:/Greenified/.minecraft/libraries/org/apache/httpcomponents/httpclient/4.3.3/httpclient-4.3.3.jar for mixin tweaker
[23:31:53] [main/DEBUG] [mixin/]: Scanning file:/C:/Greenified/.minecraft/libraries/commons-logging/commons-logging/1.1.3/commons-logging-1.1.3.jar for mixin tweaker
[23:31:53] [main/DEBUG] [mixin/]: Scanning file:/C:/Greenified/.minecraft/libraries/org/apache/httpcomponents/httpcore/4.3.2/httpcore-4.3.2.jar for mixin tweaker
[23:31:53] [main/DEBUG] [mixin/]: Scanning file:/C:/Greenified/.minecraft/libraries/java3d/vecmath/1.3.1/vecmath-1.3.1.jar for mixin tweaker
[23:31:53] [main/DEBUG] [mixin/]: Scanning file:/C:/Greenified/.minecraft/libraries/net/sf/trove4j/trove4j/3.0.3/trove4j-3.0.3.jar for mixin tweaker
[23:31:53] [main/DEBUG] [mixin/]: Scanning file:/C:/Greenified/.minecraft/libraries/com/ibm/icu/icu4j-core-mojang/51.2/icu4j-core-mojang-51.2.jar for mixin tweaker
[23:31:53] [main/DEBUG] [mixin/]: Scanning file:/C:/Greenified/.minecraft/libraries/net/sf/jopt-simple/jopt-simple/4.5/jopt-simple-4.5.jar for mixin tweaker
[23:31:53] [main/DEBUG] [mixin/]: Scanning file:/C:/Greenified/.minecraft/libraries/com/paulscode/codecjorbis/20101023/codecjorbis-20101023.jar for mixin tweaker
[23:31:53] [main/DEBUG] [mixin/]: Scanning file:/C:/Greenified/.minecraft/libraries/com/paulscode/codecwav/20101023/codecwav-20101023.jar for mixin tweaker
[23:31:53] [main/DEBUG] [mixin/]: Scanning file:/C:/Greenified/.minecraft/libraries/com/paulscode/libraryjavasound/20101123/libraryjavasound-20101123.jar for mixin tweaker
[23:31:53] [main/DEBUG] [mixin/]: Scanning file:/C:/Greenified/.minecraft/libraries/com/paulscode/librarylwjglopenal/20100824/librarylwjglopenal-20100824.jar for mixin tweaker
[23:31:53] [main/DEBUG] [mixin/]: Scanning file:/C:/Greenified/.minecraft/libraries/com/paulscode/soundsystem/20120107/soundsystem-20120107.jar for mixin tweaker
[23:31:53] [main/DEBUG] [mixin/]: Scanning file:/C:/Greenified/.minecraft/libraries/io/netty/netty-all/4.0.10.Final/netty-all-4.0.10.Final.jar for mixin tweaker
[23:31:53] [main/DEBUG] [mixin/]: Scanning file:/C:/Greenified/.minecraft/libraries/com/google/guava/guava/17.0/guava-17.0.jar for mixin tweaker
[23:31:53] [main/DEBUG] [mixin/]: Scanning file:/C:/Greenified/.minecraft/libraries/org/apache/commons/commons-lang3/3.3.2/commons-lang3-3.3.2.jar for mixin tweaker
[23:31:53] [main/DEBUG] [mixin/]: Scanning file:/C:/Greenified/.minecraft/libraries/commons-io/commons-io/2.4/commons-io-2.4.jar for mixin tweaker
[23:31:53] [main/DEBUG] [mixin/]: Scanning file:/C:/Greenified/.minecraft/libraries/commons-codec/commons-codec/1.9/commons-codec-1.9.jar for mixin tweaker
[23:31:53] [main/DEBUG] [mixin/]: Scanning file:/C:/Greenified/.minecraft/libraries/net/java/jinput/jinput/2.0.5/jinput-2.0.5.jar for mixin tweaker
[23:31:53] [main/DEBUG] [mixin/]: Scanning file:/C:/Greenified/.minecraft/libraries/net/java/jutils/jutils/1.0.0/jutils-1.0.0.jar for mixin tweaker
[23:31:53] [main/DEBUG] [mixin/]: Scanning file:/C:/Greenified/.minecraft/libraries/com/google/code/gson/gson/2.2.4/gson-2.2.4.jar for mixin tweaker
[23:31:53] [main/DEBUG] [mixin/]: Scanning file:/C:/Greenified/.minecraft/libraries/com/mojang/authlib/1.5.21/authlib-1.5.21.jar for mixin tweaker
[23:31:53] [main/DEBUG] [mixin/]: Scanning file:/C:/Greenified/.minecraft/libraries/org/apache/logging/log4j/log4j-api/2.0-beta9/log4j-api-2.0-beta9.jar for mixin tweaker
[23:31:53] [main/DEBUG] [mixin/]: Scanning file:/C:/Greenified/.minecraft/libraries/org/apache/logging/log4j/log4j-core/2.0-beta9/log4j-core-2.0-beta9.jar for mixin tweaker
[23:31:53] [main/DEBUG] [mixin/]: Scanning file:/C:/Greenified/.minecraft/libraries/org/lwjgl/lwjgl/lwjgl/2.9.1/lwjgl-2.9.1.jar for mixin tweaker
[23:31:53] [main/DEBUG] [mixin/]: Scanning file:/C:/Greenified/.minecraft/libraries/org/lwjgl/lwjgl/lwjgl_util/2.9.1/lwjgl_util-2.9.1.jar for mixin tweaker
[23:31:53] [main/DEBUG] [mixin/]: Scanning file:/C:/Greenified/.minecraft/libraries/tv/twitch/twitch/5.16/twitch-5.16.jar for mixin tweaker
[23:31:53] [main/DEBUG] [mixin/]: Scanning file:/C:/Greenified/.minecraft/libraries/net/minecraftforge/forge/1.7.10-10.13.4.1614-1.7.10/forge-1.7.10-10.13.4.1614-1.7.10.jar for mixin tweaker
[23:31:53] [main/DEBUG] [mixin/]: Scanning file:/C:/Greenified/.minecraft/libraries/net/minecraft/launchwrapper/1.12/launchwrapper-1.12.jar for mixin tweaker
[23:31:53] [main/DEBUG] [mixin/]: Scanning file:/C:/Greenified/.minecraft/libraries/org/ow2/asm/asm-all/5.0.3/asm-all-5.0.3.jar for mixin tweaker
[23:31:53] [main/DEBUG] [mixin/]: Scanning file:/C:/Greenified/.minecraft/libraries/com/typesafe/akka/akka-actor_2.11/2.3.3/akka-actor_2.11-2.3.3.jar for mixin tweaker
[23:31:53] [main/DEBUG] [mixin/]: Scanning file:/C:/Greenified/.minecraft/libraries/com/typesafe/config/1.2.1/config-1.2.1.jar for mixin tweaker
[23:31:53] [main/DEBUG] [mixin/]: Scanning file:/C:/Greenified/.minecraft/libraries/org/scala-lang/scala-actors-migration_2.11/1.1.0/scala-actors-migration_2.11-1.1.0.jar for mixin tweaker
[23:31:53] [main/DEBUG] [mixin/]: Scanning file:/C:/Greenified/.minecraft/libraries/org/scala-lang/scala-compiler/2.11.1/scala-compiler-2.11.1.jar for mixin tweaker
[23:31:53] [main/DEBUG] [mixin/]: Scanning file:/C:/Greenified/.minecraft/libraries/org/scala-lang/plugins/scala-continuations-library_2.11/1.0.2/scala-continuations-library_2.11-1.0.2.jar for mixin tweaker
[23:31:53] [main/DEBUG] [mixin/]: Scanning file:/C:/Greenified/.minecraft/libraries/org/scala-lang/plugins/scala-continuations-plugin_2.11.1/1.0.2/scala-continuations-plugin_2.11.1-1.0.2.jar for mixin tweaker
[23:31:53] [main/DEBUG] [mixin/]: Scanning file:/C:/Greenified/.minecraft/libraries/org/scala-lang/scala-library/2.11.1/scala-library-2.11.1.jar for mixin tweaker
[23:31:53] [main/DEBUG] [mixin/]: Scanning file:/C:/Greenified/.minecraft/libraries/org/scala-lang/scala-parser-combinators_2.11/1.0.1/scala-parser-combinators_2.11-1.0.1.jar for mixin tweaker
[23:31:53] [main/DEBUG] [mixin/]: Scanning file:/C:/Greenified/.minecraft/libraries/org/scala-lang/scala-reflect/2.11.1/scala-reflect-2.11.1.jar for mixin tweaker
[23:31:53] [main/DEBUG] [mixin/]: Scanning file:/C:/Greenified/.minecraft/libraries/org/scala-lang/scala-swing_2.11/1.0.1/scala-swing_2.11-1.0.1.jar for mixin tweaker
[23:31:53] [main/DEBUG] [mixin/]: Scanning file:/C:/Greenified/.minecraft/libraries/org/scala-lang/scala-xml_2.11/1.0.2/scala-xml_2.11-1.0.2.jar for mixin tweaker
[23:31:53] [main/DEBUG] [mixin/]: Scanning file:/C:/Greenified/.minecraft/libraries/lzma/lzma/0.0.1/lzma-0.0.1.jar for mixin tweaker
[23:31:53] [main/DEBUG] [mixin/]: Scanning file:/C:/Greenified/.minecraft/versions/XPlus%20OptiReady%20based%20on%20Minecraft%201.7.10%20(Forge)/XPlus%20OptiReady%20based%20on%20Minecraft%201.7.10%20(Forge).jar for mixin tweaker
[23:31:53] [main/DEBUG] [mixin/]: Scanning file:/C:/Greenified/.minecraft/versions/XPlus%20OptiReady%20based%20on%20Minecraft%201.7.10%20(Forge)/mods/BetterFps-1.0.1.jar for mixin tweaker
[23:31:53] [main/DEBUG] [mixin/]: Scanning file:/C:/Greenified/.minecraft/versions/XPlus%20OptiReady%20based%20on%20Minecraft%201.7.10%20(Forge)/mods/BetterSprinting-1.7.10-v2.3.0.jar for mixin tweaker
[23:31:53] [main/DEBUG] [mixin/]: Scanning file:/C:/Greenified/.minecraft/versions/XPlus%20OptiReady%20based%20on%20Minecraft%201.7.10%20(Forge)/mods/CodeChickenCore-1.4.10.jar for mixin tweaker
[23:31:53] [main/DEBUG] [mixin/]: Scanning file:/C:/Greenified/.minecraft/versions/XPlus%20OptiReady%20based%20on%20Minecraft%201.7.10%20(Forge)/mods/CoFHCore-%5B1.7.10%5D3.1.4-329.jar for mixin tweaker
[23:31:53] [main/DEBUG] [mixin/]: Scanning file:/C:/Greenified/.minecraft/versions/XPlus%20OptiReady%20based%20on%20Minecraft%201.7.10%20(Forge)/mods/etfuturum-2.6.2.jar for mixin tweaker
[23:31:53] [main/DEBUG] [mixin/]: file:/C:/Greenified/.minecraft/versions/XPlus%20OptiReady%20based%20on%20Minecraft%201.7.10%20(Forge)/mods/etfuturum-2.6.2.jar contains a mixin tweaker, adding agents
[23:31:53] [main/DEBUG] [mixin/]: Adding mixin platform agents for container file:/C:/Greenified/.minecraft/versions/XPlus%20OptiReady%20based%20on%20Minecraft%201.7.10%20(Forge)/mods/etfuturum-2.6.2.jar
[23:31:53] [main/DEBUG] [mixin/]: Instancing new MixinPlatformAgentFML for file:/C:/Greenified/.minecraft/versions/XPlus%20OptiReady%20based%20on%20Minecraft%201.7.10%20(Forge)/mods/etfuturum-2.6.2.jar
[23:31:53] [main/DEBUG] [mixin/]: ForceLoadAsMod was specified for etfuturum-2.6.2.jar, attempting force-load
[23:31:53] [main/DEBUG] [mixin/]: Adding etfuturum-2.6.2.jar to reparseable coremod collection
[23:31:53] [main/DEBUG] [mixin/]: etfuturum-2.6.2.jar has core plugin ganymedes01.etfuturum.mixinplugin.EtFuturumEarlyMixins. Injecting it into FML for co-initialisation:
[23:31:53] [main/DEBUG] [FML/]: Instantiating coremod class EtFuturumEarlyMixins
[23:31:53] [main/DEBUG] [mixin/]: Checking for additional mixins for MixinEnvironment[PREINIT]
[23:31:53] [main/TRACE] [FML/]: coremod named EtFuturumEarlyMixins is loading
[23:31:53] [main/DEBUG] [FML/]: The coremod ganymedes01.etfuturum.mixinplugin.EtFuturumEarlyMixins requested minecraft version 1.7.10 and minecraft is 1.7.10. It will be loaded.
[23:31:53] [main/DEBUG] [FML/]: Enqueued coremod EtFuturumEarlyMixins
[23:31:53] [main/DEBUG] [mixin/]: Instancing new MixinPlatformAgentDefault for file:/C:/Greenified/.minecraft/versions/XPlus%20OptiReady%20based%20on%20Minecraft%201.7.10%20(Forge)/mods/etfuturum-2.6.2.jar
[23:31:53] [main/DEBUG] [mixin/]: Scanning file:/C:/Greenified/.minecraft/versions/XPlus%20OptiReady%20based%20on%20Minecraft%201.7.10%20(Forge)/mods/FoamFix-1.7.10-universal-1.0.0.jar for mixin tweaker
[23:31:53] [main/DEBUG] [mixin/]: Scanning file:/C:/Greenified/.minecraft/versions/XPlus%20OptiReady%20based%20on%20Minecraft%201.7.10%20(Forge)/mods/forestry_1.7.10-4.2.16.64.jar for mixin tweaker
[23:31:53] [main/DEBUG] [mixin/]: Scanning file:/C:/Greenified/.minecraft/versions/XPlus%20OptiReady%20based%20on%20Minecraft%201.7.10%20(Forge)/mods/Galacticraft-1.7-3.0.12.504.jar for mixin tweaker
[23:31:53] [main/DEBUG] [mixin/]: Scanning file:/C:/Greenified/.minecraft/versions/XPlus%20OptiReady%20based%20on%20Minecraft%201.7.10%20(Forge)/mods/industrialcraft-2-2.2.828-experimental.jar for mixin tweaker
[23:31:53] [main/DEBUG] [mixin/]: Scanning file:/C:/Greenified/.minecraft/versions/XPlus%20OptiReady%20based%20on%20Minecraft%201.7.10%20(Forge)/mods/InputFix-1.7.10-v6.jar for mixin tweaker
[23:31:53] [main/DEBUG] [mixin/]: Scanning file:/C:/Greenified/.minecraft/versions/XPlus%20OptiReady%20based%20on%20Minecraft%201.7.10%20(Forge)/mods/InventoryTweaks-1.59-dev-152.jar for mixin tweaker
[23:31:53] [main/DEBUG] [mixin/]: Scanning file:/C:/Greenified/.minecraft/versions/XPlus%20OptiReady%20based%20on%20Minecraft%201.7.10%20(Forge)/mods/ItemPhysic%20Lite%201.1.5%20mc1.7.10.jar for mixin tweaker
[23:31:53] [main/DEBUG] [mixin/]: Scanning file:/C:/Greenified/.minecraft/versions/XPlus%20OptiReady%20based%20on%20Minecraft%201.7.10%20(Forge)/mods/NotEnoughItems-2.8.50-GTNH.jar for mixin tweaker
[23:31:53] [main/DEBUG] [mixin/]: Scanning file:/C:/Greenified/.minecraft/versions/XPlus%20OptiReady%20based%20on%20Minecraft%201.7.10%20(Forge)/mods/OmniOcular-1.7.10-1.0build103.jar for mixin tweaker
[23:31:53] [main/DEBUG] [mixin/]: Scanning file:/C:/Greenified/.minecraft/versions/XPlus%20OptiReady%20based%20on%20Minecraft%201.7.10%20(Forge)/mods/OptiFine_1.7.10_HD_U_E7.jar for mixin tweaker
[23:31:53] [main/DEBUG] [mixin/]: Scanning file:/C:/Greenified/.minecraft/versions/XPlus%20OptiReady%20based%20on%20Minecraft%201.7.10%20(Forge)/mods/SkidGen-1.0.0.jar for mixin tweaker
[23:31:53] [main/DEBUG] [mixin/]: file:/C:/Greenified/.minecraft/versions/XPlus%20OptiReady%20based%20on%20Minecraft%201.7.10%20(Forge)/mods/SkidGen-1.0.0.jar contains a mixin tweaker, adding agents
[23:31:53] [main/DEBUG] [mixin/]: Adding mixin platform agents for container file:/C:/Greenified/.minecraft/versions/XPlus%20OptiReady%20based%20on%20Minecraft%201.7.10%20(Forge)/mods/SkidGen-1.0.0.jar
[23:31:53] [main/DEBUG] [mixin/]: Instancing new MixinPlatformAgentFML for file:/C:/Greenified/.minecraft/versions/XPlus%20OptiReady%20based%20on%20Minecraft%201.7.10%20(Forge)/mods/SkidGen-1.0.0.jar
[23:31:53] [main/DEBUG] [mixin/]: ForceLoadAsMod was specified for SkidGen-1.0.0.jar, attempting force-load
[23:31:53] [main/DEBUG] [mixin/]: Adding SkidGen-1.0.0.jar to reparseable coremod collection
[23:31:53] [main/DEBUG] [mixin/]: Instancing new MixinPlatformAgentDefault for file:/C:/Greenified/.minecraft/versions/XPlus%20OptiReady%20based%20on%20Minecraft%201.7.10%20(Forge)/mods/SkidGen-1.0.0.jar
[23:31:53] [main/DEBUG] [mixin/]: Scanning file:/C:/Greenified/.minecraft/versions/XPlus%20OptiReady%20based%20on%20Minecraft%201.7.10%20(Forge)/mods/Somnia-1.4.8.55.jar for mixin tweaker
[23:31:53] [main/DEBUG] [mixin/]: Scanning file:/C:/Greenified/.minecraft/versions/XPlus%20OptiReady%20based%20on%20Minecraft%201.7.10%20(Forge)/mods/unimixins-all-1.7.10-0.2.1.jar for mixin tweaker
[23:31:53] [main/DEBUG] [mixin/]: file:/C:/Greenified/.minecraft/versions/XPlus%20OptiReady%20based%20on%20Minecraft%201.7.10%20(Forge)/mods/unimixins-all-1.7.10-0.2.1.jar contains a mixin tweaker, adding agents
[23:31:53] [main/DEBUG] [mixin/]: Adding mixin platform agents for container file:/C:/Greenified/.minecraft/versions/XPlus%20OptiReady%20based%20on%20Minecraft%201.7.10%20(Forge)/mods/unimixins-all-1.7.10-0.2.1.jar
[23:31:53] [main/DEBUG] [mixin/]: Instancing new MixinPlatformAgentFML for file:/C:/Greenified/.minecraft/versions/XPlus%20OptiReady%20based%20on%20Minecraft%201.7.10%20(Forge)/mods/unimixins-all-1.7.10-0.2.1.jar
[23:31:53] [main/DEBUG] [mixin/]: ForceLoadAsMod was specified for unimixins-all-1.7.10-0.2.1.jar, attempting force-load
[23:31:53] [main/DEBUG] [mixin/]: Adding unimixins-all-1.7.10-0.2.1.jar to reparseable coremod collection
[23:31:53] [main/DEBUG] [mixin/]: unimixins-all-1.7.10-0.2.1.jar has core plugin io.github.legacymoddingmc.unimixins.all.AllCore. Injecting it into FML for co-initialisation:
[23:31:53] [main/DEBUG] [FML/]: Instantiating coremod class AllCore
[23:31:53] [main/DEBUG] [unimixins/]: Name of jar containing MixinCore: unimixins-all-1.7.10-0.2.1.jar
[23:31:53] [main/DEBUG] [unimixins/]: Name of jar containing MixinTweaker: campfirebackport-1.7.10-1.11.3.jar
[23:31:53] [main/WARN] [unimixins/]: =======================================================================================
[23:31:53] [main/WARN] [unimixins/]: WARNING / WARNING / WARNING / WARNING / WARNING / WARNING / WARNING / WARNING / WARNING
[23:31:53] [main/WARN] [unimixins/]: =======================================================================================
[23:31:53] [main/ERROR] [unimixins/]:  - A different version of Mixin (the one inside campfirebackport-1.7.10-1.11.3.jar) is getting loaded instead of UniMixins's one (inside unimixins-all-1.7.10-0.2.1.jar)! This is probably because because UniMixins's jar name comes later alphabetically. Try renaming it to come first (for example, by adding a '!' character at the beginning of the file name).
[23:31:53] [main/ERROR] [unimixins/]: The game will almost certainly crash!
[23:31:53] [main/FATAL] [unimixins/]: ======================================================================================
[23:31:53] [main/ERROR] [mixin/]: catching
java.lang.reflect.InvocationTargetException
	at sun.reflect.NativeMethodAccessorImpl.invoke0(Native Method) ~[?:1.8.0_51]
	at sun.reflect.NativeMethodAccessorImpl.invoke(NativeMethodAccessorImpl.java:62) ~[?:1.8.0_51]
	at sun.reflect.DelegatingMethodAccessorImpl.invoke(DelegatingMethodAccessorImpl.java:43) ~[?:1.8.0_51]
	at java.lang.reflect.Method.invoke(Method.java:497) ~[?:1.8.0_51]
	at org.spongepowered.asm.launch.platform.MixinPlatformAgentFML.injectCorePlugin(MixinPlatformAgentFML.java:228) ~[campfirebackport-1.7.10-1.11.3.jar:?]
	at org.spongepowered.asm.launch.platform.MixinPlatformAgentFML.initFMLCoreMod(MixinPlatformAgentFML.java:155) [campfirebackport-1.7.10-1.11.3.jar:?]
	at org.spongepowered.asm.launch.platform.MixinPlatformAgentFML.<init>(MixinPlatformAgentFML.java:134) [campfirebackport-1.7.10-1.11.3.jar:?]
	at sun.reflect.NativeConstructorAccessorImpl.newInstance0(Native Method) [?:1.8.0_51]
	at sun.reflect.NativeConstructorAccessorImpl.newInstance(NativeConstructorAccessorImpl.java:62) [?:1.8.0_51]
	at sun.reflect.DelegatingConstructorAccessorImpl.newInstance(DelegatingConstructorAccessorImpl.java:45) [?:1.8.0_51]
	at java.lang.reflect.Constructor.newInstance(Constructor.java:422) [?:1.8.0_51]
	at org.spongepowered.asm.launch.platform.MixinContainer.<init>(MixinContainer.java:68) [campfirebackport-1.7.10-1.11.3.jar:?]
	at org.spongepowered.asm.launch.platform.MixinPlatformManager.addContainer(MixinPlatformManager.java:142) [campfirebackport-1.7.10-1.11.3.jar:?]
	at org.spongepowered.asm.launch.platform.MixinPlatformManager.scanClasspath(MixinPlatformManager.java:230) [campfirebackport-1.7.10-1.11.3.jar:?]
	at org.spongepowered.asm.launch.platform.MixinPlatformManager.init(MixinPlatformManager.java:113) [campfirebackport-1.7.10-1.11.3.jar:?]
	at org.spongepowered.asm.launch.MixinBootstrap.getPlatform(MixinBootstrap.java:106) [campfirebackport-1.7.10-1.11.3.jar:?]
	at org.spongepowered.asm.launch.MixinBootstrap.start(MixinBootstrap.java:158) [campfirebackport-1.7.10-1.11.3.jar:?]
	at org.spongepowered.asm.launch.MixinTweaker.<init>(MixinTweaker.java:44) [campfirebackport-1.7.10-1.11.3.jar:?]
	at sun.reflect.NativeConstructorAccessorImpl.newInstance0(Native Method) [?:1.8.0_51]
	at sun.reflect.NativeConstructorAccessorImpl.newInstance(NativeConstructorAccessorImpl.java:62) [?:1.8.0_51]
	at sun.reflect.DelegatingConstructorAccessorImpl.newInstance(DelegatingConstructorAccessorImpl.java:45) [?:1.8.0_51]
	at java.lang.reflect.Constructor.newInstance(Constructor.java:422) [?:1.8.0_51]
	at java.lang.Class.newInstance(Class.java:442) [?:1.8.0_51]
	at net.minecraft.launchwrapper.Launch.launch(Launch.java:98) [launchwrapper-1.12.jar:?]
	at net.minecraft.launchwrapper.Launch.main(Launch.java:28) [launchwrapper-1.12.jar:?]
	at sun.reflect.NativeMethodAccessorImpl.invoke0(Native Method) ~[?:1.8.0_51]
	at sun.reflect.NativeMethodAccessorImpl.invoke(NativeMethodAccessorImpl.java:62) ~[?:1.8.0_51]
	at sun.reflect.DelegatingMethodAccessorImpl.invoke(DelegatingMethodAccessorImpl.java:43) ~[?:1.8.0_51]
	at java.lang.reflect.Method.invoke(Method.java:497) ~[?:1.8.0_51]
	at oolloo.jlw.Wrapper.invokeMain(Wrapper.java:112) [JavaWrapper.jar:?]
	at oolloo.jlw.Wrapper.main(Wrapper.java:105) [JavaWrapper.jar:?]
Caused by: java.lang.Error: A different version of Mixin (the one inside campfirebackport-1.7.10-1.11.3.jar) is getting loaded instead of UniMixins's one (inside unimixins-all-1.7.10-0.2.1.jar)! This is probably because because UniMixins's jar name comes later alphabetically. Try renaming it to come first (for example, by adding a '!' character at the beginning of the file name).
	at io.github.legacymoddingmc.unimixins.mixin.repackage.common.sanitycheck.SanityCheckHelper.showBigWarning(SanityCheckHelper.java:55) ~[unimixins-all-1.7.10-0.2.1.jar:0.15.5+mixin.0.8.7]
	at io.github.legacymoddingmc.unimixins.mixin.MixinCore.<clinit>(MixinCore.java:21) ~[unimixins-all-1.7.10-0.2.1.jar:0.15.5+mixin.0.8.7]
	at java.lang.Class.forName0(Native Method) ~[?:1.8.0_51]
	at java.lang.Class.forName(Class.java:264) ~[?:1.8.0_51]
	at io.github.legacymoddingmc.unimixins.all.AllCore.<clinit>(AllCore.java:23) ~[unimixins-all-1.7.10-0.2.1.jar:0.15.5+mixin.0.8.7]
	at java.lang.Class.forName0(Native Method) ~[?:1.8.0_51]
	at java.lang.Class.forName(Class.java:348) ~[?:1.8.0_51]
	at cpw.mods.fml.relauncher.CoreModManager.loadCoreMod(CoreModManager.java:460) ~[forge-1.7.10-10.13.4.1614-1.7.10.jar:?]
	... 31 more
[23:31:53] [main/DEBUG] [mixin/]: Instancing new MixinPlatformAgentDefault for file:/C:/Greenified/.minecraft/versions/XPlus%20OptiReady%20based%20on%20Minecraft%201.7.10%20(Forge)/mods/unimixins-all-1.7.10-0.2.1.jar
[23:31:53] [main/WARN] [LaunchWrapper/]: Tweak class name org.spongepowered.asm.launch.MixinTweaker has already been visited -- skipping
[23:31:53] [main/INFO] [LaunchWrapper/]: Loading tweak class name forestry.shade.javacheck.Java7Checker
[23:31:53] [main/INFO] [LaunchWrapper/]: Loading tweak class name optifine.OptiFineForgeTweaker
[23:31:53] [main/WARN] [LaunchWrapper/]: Tweak class name org.spongepowered.asm.launch.MixinTweaker has already been visited -- skipping
[23:31:53] [main/WARN] [LaunchWrapper/]: Tweak class name org.spongepowered.asm.launch.MixinTweaker has already been visited -- skipping
[23:31:53] [main/INFO] [LaunchWrapper/]: Loading tweak class name cpw.mods.fml.common.launcher.FMLDeobfTweaker
[23:31:53] [main/INFO] [LaunchWrapper/]: Calling tweak class cpw.mods.fml.common.launcher.FMLInjectionAndSortingTweaker
[23:31:53] [main/INFO] [LaunchWrapper/]: Calling tweak class cpw.mods.fml.common.launcher.FMLInjectionAndSortingTweaker
[23:31:53] [main/INFO] [LaunchWrapper/]: Calling tweak class optifine.OptiFineForgeTweaker
[23:31:53] [main/INFO] [STDOUT/]: [optifine.OptiFineForgeTweaker:dbg:56]: OptiFineForgeTweaker: acceptOptions
[23:31:53] [main/INFO] [STDOUT/]: [optifine.OptiFineForgeTweaker:dbg:56]: OptiFineForgeTweaker: injectIntoClassLoader
[23:31:53] [main/INFO] [STDOUT/]: [optifine.OptiFineClassTransformer:dbg:221]: OptiFine ClassTransformer
[23:31:53] [main/INFO] [STDOUT/]: [optifine.OptiFineClassTransformer:dbg:221]: OptiFine ZIP file: C:\Greenified\.minecraft\versions\XPlus OptiReady based on Minecraft 1.7.10 (Forge)\mods\OptiFine_1.7.10_HD_U_E7.jar
[23:31:53] [main/INFO] [LaunchWrapper/]: Calling tweak class cpw.mods.fml.relauncher.CoreModManager$FMLPluginWrapper
[23:31:53] [main/DEBUG] [FML/]: Injecting coremod FMLCorePlugin {cpw.mods.fml.relauncher.FMLCorePlugin} class transformers
[23:31:53] [main/TRACE] [FML/]: Registering transformer cpw.mods.fml.common.asm.transformers.MarkerTransformer
[23:31:53] [main/TRACE] [FML/]: Registering transformer cpw.mods.fml.common.asm.transformers.SideTransformer
[23:31:53] [main/TRACE] [FML/]: Registering transformer cpw.mods.fml.common.asm.transformers.EventSubscriptionTransformer
[23:31:53] [main/DEBUG] [FML/]: Injection complete
[23:31:53] [main/DEBUG] [FML/]: Running coremod plugin for FMLCorePlugin {cpw.mods.fml.relauncher.FMLCorePlugin}
[23:31:53] [main/DEBUG] [FML/]: Running coremod plugin FMLCorePlugin
[23:31:54] [main/DEBUG] [FML/]: Read 527 binary patches
[23:31:55] [main/INFO] [FML/]: Found valid fingerprint for Minecraft Forge. Certificate fingerprint e3c3d50c7c986df74c645c0ac54639741c90a557
[23:31:55] [main/INFO] [FML/]: Found valid fingerprint for Minecraft. Certificate fingerprint cd99959656f753dc28d863b46769f7f8fbaefcfc
[23:31:55] [main/DEBUG] [FML/]: Coremod plugin class FMLCorePlugin run successfully
[23:31:55] [main/INFO] [LaunchWrapper/]: Calling tweak class cpw.mods.fml.relauncher.CoreModManager$FMLPluginWrapper
[23:31:55] [main/DEBUG] [FML/]: Injecting coremod FMLForgePlugin {net.minecraftforge.classloading.FMLForgePlugin} class transformers
[23:31:55] [main/TRACE] [FML/]: Registering transformer net.minecraftforge.classloading.FluidIdTransformer
[23:31:55] [main/DEBUG] [FML/]: Injection complete
[23:31:55] [main/DEBUG] [FML/]: Running coremod plugin for FMLForgePlugin {net.minecraftforge.classloading.FMLForgePlugin}
[23:31:55] [main/DEBUG] [FML/]: Running coremod plugin FMLForgePlugin
[23:31:55] [main/DEBUG] [FML/]: Coremod plugin class FMLForgePlugin run successfully
[23:31:55] [main/INFO] [LaunchWrapper/]: Calling tweak class cpw.mods.fml.relauncher.CoreModManager$FMLPluginWrapper
[23:31:55] [main/DEBUG] [FML/]: Injecting coremod CodeChickenCorePlugin {codechicken.core.launch.CodeChickenCorePlugin} class transformers
[23:31:55] [main/TRACE] [FML/]: Registering transformer codechicken.lib.asm.ClassHeirachyManager
[23:31:55] [main/TRACE] [FML/]: Registering transformer codechicken.lib.asm.RedirectorTransformer
[23:31:55] [main/DEBUG] [FML/]: Injection complete
[23:31:55] [main/DEBUG] [FML/]: Running coremod plugin for CodeChickenCorePlugin {codechicken.core.launch.CodeChickenCorePlugin}
[23:31:55] [main/DEBUG] [FML/]: Running coremod plugin CodeChickenCorePlugin
[23:31:55] [main/TRACE] [FML/]: Registering transformer codechicken.core.asm.TweakTransformer
[23:31:55] [main/DEBUG] [CodeChickenCore/]: No delegated transformer found, skipping registration of main DelegatedTransformer.
[23:31:55] [main/DEBUG] [FML/]: Coremod plugin class CodeChickenCorePlugin run successfully
[23:31:55] [main/INFO] [LaunchWrapper/]: Calling tweak class cpw.mods.fml.relauncher.CoreModManager$FMLPluginWrapper
[23:31:55] [main/DEBUG] [FML/]: Injecting coremod MicdoodlePlugin {micdoodle8.mods.miccore.MicdoodlePlugin} class transformers
[23:31:55] [main/INFO] [STDOUT/]: [micdoodle8.mods.miccore.MicdoodlePlugin:getASMTransformerClass:102]: Successfully Registered Transformer
[23:31:55] [main/TRACE] [FML/]: Registering transformer micdoodle8.mods.miccore.MicdoodleTransformer
[23:31:55] [main/DEBUG] [FML/]: Injection complete
[23:31:55] [main/DEBUG] [FML/]: Running coremod plugin for MicdoodlePlugin {micdoodle8.mods.miccore.MicdoodlePlugin}
[23:31:55] [main/DEBUG] [FML/]: Running coremod plugin MicdoodlePlugin
[23:31:55] [main/INFO] [FML/]: Failed to find MicdoodleCore file in mods folder, skipping GC version check.
[23:31:55] [main/INFO] [STDOUT/]: [micdoodle8.mods.miccore.MicdoodlePlugin:injectData:295]: [Micdoodle8Core]: Patching game...
[23:31:55] [main/INFO] [STDOUT/]: [micdoodle8.mods.miccore.MicdoodlePlugin:injectData:295]: [Micdoodle8Core]: Patching game...
[23:31:55] [main/DEBUG] [FML/]: Coremod plugin class MicdoodlePlugin run successfully
[23:31:55] [main/INFO] [LaunchWrapper/]: Calling tweak class cpw.mods.fml.relauncher.CoreModManager$FMLPluginWrapper
[23:31:55] [main/DEBUG] [FML/]: Injecting coremod IC2core {ic2.core.coremod.IC2core} class transformers
[23:31:55] [main/DEBUG] [FML/]: Injection complete
[23:31:55] [main/DEBUG] [FML/]: Running coremod plugin for IC2core {ic2.core.coremod.IC2core}
[23:31:55] [main/DEBUG] [FML/]: Running coremod plugin IC2core
[23:31:55] [main/INFO] [IC2-core/]: Loaded library EJML-core-0.26.jar.
[23:31:55] [main/DEBUG] [FML/]: Coremod plugin class IC2core run successfully
[23:31:55] [main/INFO] [LaunchWrapper/]: Calling tweak class cpw.mods.fml.relauncher.CoreModManager$FMLPluginWrapper
[23:31:55] [main/DEBUG] [FML/]: Injecting coremod InputFix {lain.mods.inputfix.InputFix} class transformers
[23:31:55] [main/TRACE] [FML/]: Registering transformer lain.mods.inputfix.InputFixTransformer
[23:31:55] [main/DEBUG] [FML/]: Injection complete
[23:31:55] [main/DEBUG] [FML/]: Running coremod plugin for InputFix {lain.mods.inputfix.InputFix}
[23:31:55] [main/DEBUG] [FML/]: Running coremod plugin InputFix
[23:31:55] [main/DEBUG] [FML/]: Coremod plugin class InputFix run successfully
[23:31:55] [main/INFO] [LaunchWrapper/]: Calling tweak class cpw.mods.fml.relauncher.CoreModManager$FMLPluginWrapper
[23:31:55] [main/DEBUG] [FML/]: Injecting coremod FMLPlugin {invtweaks.forge.asm.FMLPlugin} class transformers
[23:31:55] [main/TRACE] [FML/]: Registering transformer invtweaks.forge.asm.ContainerTransformer
[23:31:55] [main/DEBUG] [FML/]: Injection complete
[23:31:55] [main/DEBUG] [FML/]: Running coremod plugin for FMLPlugin {invtweaks.forge.asm.FMLPlugin}
[23:31:55] [main/DEBUG] [FML/]: Running coremod plugin FMLPlugin
[23:31:55] [main/DEBUG] [FML/]: Coremod plugin class FMLPlugin run successfully
[23:31:55] [main/INFO] [LaunchWrapper/]: Calling tweak class cpw.mods.fml.relauncher.CoreModManager$FMLPluginWrapper
[23:31:55] [main/DEBUG] [FML/]: Injecting coremod ItemPatchingLoader {com.creativemd.itemphysic.ItemPatchingLoader} class transformers
[23:31:55] [main/TRACE] [FML/]: Registering transformer com.creativemd.itemphysic.ItemTransformer
[23:31:55] [main/DEBUG] [FML/]: Injection complete
[23:31:55] [main/DEBUG] [FML/]: Running coremod plugin for ItemPatchingLoader {com.creativemd.itemphysic.ItemPatchingLoader}
[23:31:55] [main/DEBUG] [FML/]: Running coremod plugin ItemPatchingLoader
[23:31:55] [main/DEBUG] [FML/]: Coremod plugin class ItemPatchingLoader run successfully
[23:31:55] [main/INFO] [LaunchWrapper/]: Calling tweak class cpw.mods.fml.relauncher.CoreModManager$FMLPluginWrapper
[23:31:55] [main/DEBUG] [FML/]: Injecting coremod NEICorePlugin {codechicken.nei.asm.NEICorePlugin} class transformers
[23:31:55] [main/TRACE] [FML/]: Registering transformer codechicken.nei.asm.NEITransformer
[23:31:55] [main/DEBUG] [FML/]: Injection complete
[23:31:55] [main/DEBUG] [FML/]: Running coremod plugin for NEICorePlugin {codechicken.nei.asm.NEICorePlugin}
[23:31:55] [main/DEBUG] [FML/]: Running coremod plugin NEICorePlugin
[23:31:55] [main/DEBUG] [FML/]: Coremod plugin class NEICorePlugin run successfully
[23:31:55] [main/INFO] [LaunchWrapper/]: Calling tweak class cpw.mods.fml.relauncher.CoreModManager$FMLPluginWrapper
[23:31:55] [main/DEBUG] [FML/]: Injecting coremod Core {me.exz.omniocular.asm.Core} class transformers
[23:31:55] [main/TRACE] [FML/]: Registering transformer me.exz.omniocular.asm.Transformer
[23:31:55] [main/DEBUG] [FML/]: Injection complete
[23:31:55] [main/DEBUG] [FML/]: Running coremod plugin for Core {me.exz.omniocular.asm.Core}
[23:31:55] [main/DEBUG] [FML/]: Running coremod plugin Core
[23:31:55] [main/DEBUG] [FML/]: Coremod plugin class Core run successfully
[23:31:55] [main/INFO] [LaunchWrapper/]: Calling tweak class cpw.mods.fml.relauncher.CoreModManager$FMLPluginWrapper
[23:31:55] [main/DEBUG] [FML/]: Injecting coremod SFMLLoadingPlugin {com.kingrunes.somnia.asm.SFMLLoadingPlugin} class transformers
[23:31:55] [main/TRACE] [FML/]: Registering transformer com.kingrunes.somnia.asm.SClassTransformer
[23:31:55] [main/DEBUG] [FML/]: Injection complete
[23:31:55] [main/DEBUG] [FML/]: Running coremod plugin for SFMLLoadingPlugin {com.kingrunes.somnia.asm.SFMLLoadingPlugin}
[23:31:55] [main/DEBUG] [FML/]: Running coremod plugin SFMLLoadingPlugin
[23:31:55] [main/DEBUG] [FML/]: Coremod plugin class SFMLLoadingPlugin run successfully
[23:31:55] [main/INFO] [LaunchWrapper/]: Calling tweak class org.spongepowered.asm.launch.MixinTweaker
[23:31:55] [main/DEBUG] [mixin/]: Processing prepare() for PlatformAgent[MixinPlatformAgentFML:file:/C:/Greenified/.minecraft/versions/XPlus%20OptiReady%20based%20on%20Minecraft%201.7.10%20(Forge)/mods/campfirebackport-1.7.10-1.11.3.jar]
[23:31:55] [main/DEBUG] [mixin/]: Processing prepare() for PlatformAgent[MixinPlatformAgentDefault:file:/C:/Greenified/.minecraft/versions/XPlus%20OptiReady%20based%20on%20Minecraft%201.7.10%20(Forge)/mods/campfirebackport-1.7.10-1.11.3.jar]
[23:31:55] [main/DEBUG] [mixin/]: Processing prepare() for PlatformAgent[MixinPlatformAgentFML:file:/C:/Greenified/.minecraft/versions/XPlus%20OptiReady%20based%20on%20Minecraft%201.7.10%20(Forge)/mods/etfuturum-2.6.2.jar]
[23:31:55] [main/DEBUG] [mixin/]: Processing prepare() for PlatformAgent[MixinPlatformAgentDefault:file:/C:/Greenified/.minecraft/versions/XPlus%20OptiReady%20based%20on%20Minecraft%201.7.10%20(Forge)/mods/etfuturum-2.6.2.jar]
[23:31:55] [main/DEBUG] [mixin/]: Registering mixin config: mixins.etfuturum.json
[23:31:55] [main/DEBUG] [mixin/]: Processing prepare() for PlatformAgent[MixinPlatformAgentFML:file:/C:/Greenified/.minecraft/versions/XPlus%20OptiReady%20based%20on%20Minecraft%201.7.10%20(Forge)/mods/SkidGen-1.0.0.jar]
[23:31:55] [main/DEBUG] [mixin/]: Processing prepare() for PlatformAgent[MixinPlatformAgentDefault:file:/C:/Greenified/.minecraft/versions/XPlus%20OptiReady%20based%20on%20Minecraft%201.7.10%20(Forge)/mods/SkidGen-1.0.0.jar]
[23:31:55] [main/DEBUG] [mixin/]: Registering mixin config: mixins.skidgen.json
[23:31:55] [main/DEBUG] [mixin/]: Processing prepare() for PlatformAgent[MixinPlatformAgentFML:file:/C:/Greenified/.minecraft/versions/XPlus%20OptiReady%20based%20on%20Minecraft%201.7.10%20(Forge)/mods/unimixins-all-1.7.10-0.2.1.jar]
[23:31:55] [main/DEBUG] [mixin/]: Processing prepare() for PlatformAgent[MixinPlatformAgentDefault:file:/C:/Greenified/.minecraft/versions/XPlus%20OptiReady%20based%20on%20Minecraft%201.7.10%20(Forge)/mods/unimixins-all-1.7.10-0.2.1.jar]
[23:31:55] [main/DEBUG] [mixin/]: Registering mixin config: mixins.gtnhmixins.json
[23:31:55] [main/WARN] [mixin/]: Mixin config mixins.gtnhmixins.json requires mixin subsystem version 0.8.3-GTNH but 0.7.11 was found. The mixin config will not be applied.
[23:31:55] [main/INFO] [STDERR/]: [java.lang.Throwable$WrappedPrintStream:println:748]: java.lang.reflect.InvocationTargetException
[23:31:55] [main/INFO] [STDERR/]: [java.lang.Throwable$WrappedPrintStream:println:748]: 	at sun.reflect.NativeMethodAccessorImpl.invoke0(Native Method)
[23:31:55] [main/INFO] [STDERR/]: [java.lang.Throwable$WrappedPrintStream:println:748]: 	at sun.reflect.NativeMethodAccessorImpl.invoke(NativeMethodAccessorImpl.java:62)
[23:31:55] [main/INFO] [STDERR/]: [java.lang.Throwable$WrappedPrintStream:println:748]: 	at sun.reflect.DelegatingMethodAccessorImpl.invoke(DelegatingMethodAccessorImpl.java:43)
[23:31:55] [main/INFO] [STDERR/]: [java.lang.Throwable$WrappedPrintStream:println:748]: 	at java.lang.reflect.Method.invoke(Method.java:497)
[23:31:55] [main/INFO] [STDERR/]: [java.lang.Throwable$WrappedPrintStream:println:748]: 	at oolloo.jlw.Wrapper.invokeMain(Wrapper.java:112)
[23:31:55] [main/INFO] [STDERR/]: [java.lang.Throwable$WrappedPrintStream:println:748]: 	at oolloo.jlw.Wrapper.main(Wrapper.java:105)
[23:31:55] [main/INFO] [STDERR/]: [java.lang.Throwable$WrappedPrintStream:println:748]: Caused by: org.spongepowered.asm.launch.MixinInitialisationError: Required mixin config mixins.gtnhmixins.json requires mixin subsystem version 0.8.3-GTNH
[23:31:55] [main/INFO] [STDERR/]: [java.lang.Throwable$WrappedPrintStream:println:748]: 	at org.spongepowered.asm.mixin.transformer.MixinConfig.checkVersion(MixinConfig.java:417)
[23:31:55] [main/INFO] [STDERR/]: [java.lang.Throwable$WrappedPrintStream:println:748]: 	at org.spongepowered.asm.mixin.transformer.MixinConfig.onLoad(MixinConfig.java:331)
[23:31:55] [main/INFO] [STDERR/]: [java.lang.Throwable$WrappedPrintStream:println:748]: 	at org.spongepowered.asm.mixin.transformer.MixinConfig.create(MixinConfig.java:894)
[23:31:55] [main/INFO] [STDERR/]: [java.lang.Throwable$WrappedPrintStream:println:748]: 	at org.spongepowered.asm.mixin.transformer.Config.create(Config.java:116)
[23:31:55] [main/INFO] [STDERR/]: [java.lang.Throwable$WrappedPrintStream:println:748]: 	at org.spongepowered.asm.mixin.Mixins.createConfiguration(Mixins.java:91)
[23:31:55] [main/INFO] [STDERR/]: [java.lang.Throwable$WrappedPrintStream:println:748]: 	at org.spongepowered.asm.mixin.Mixins.addConfiguration(Mixins.java:78)
[23:31:55] [main/INFO] [STDERR/]: [java.lang.Throwable$WrappedPrintStream:println:748]: 	at org.spongepowered.asm.launch.platform.MixinPlatformManager.addConfig(MixinPlatformManager.java:282)
[23:31:55] [main/INFO] [STDERR/]: [java.lang.Throwable$WrappedPrintStream:println:748]: 	at org.spongepowered.asm.launch.platform.MixinPlatformAgentDefault.prepare(MixinPlatformAgentDefault.java:56)
[23:31:55] [main/INFO] [STDERR/]: [java.lang.Throwable$WrappedPrintStream:println:748]: 	at org.spongepowered.asm.launch.platform.MixinContainer.prepare(MixinContainer.java:103)
[23:31:55] [main/INFO] [STDERR/]: [java.lang.Throwable$WrappedPrintStream:println:748]: 	at org.spongepowered.asm.launch.platform.MixinPlatformManager.prepare(MixinPlatformManager.java:159)
[23:31:55] [main/INFO] [STDERR/]: [java.lang.Throwable$WrappedPrintStream:println:748]: 	at org.spongepowered.asm.launch.MixinBootstrap.doInit(MixinBootstrap.java:183)
[23:31:55] [main/INFO] [STDERR/]: [java.lang.Throwable$WrappedPrintStream:println:748]: 	at org.spongepowered.asm.launch.MixinTweaker.acceptOptions(MixinTweaker.java:53)
[23:31:55] [main/INFO] [STDERR/]: [java.lang.Throwable$WrappedPrintStream:println:748]: 	at net.minecraft.launchwrapper.Launch.launch(Launch.java:114)
[23:31:55] [main/INFO] [STDERR/]: [java.lang.Throwable$WrappedPrintStream:println:748]: 	at net.minecraft.launchwrapper.Launch.main(Launch.java:28)
[23:31:55] [main/INFO] [STDERR/]: [java.lang.Throwable$WrappedPrintStream:println:748]: 	... 6 more
