[23:42:55] [main/INFO]: Setting user: Ceramiku
[23:42:59] [Client thread/INFO]: LWJGL Version: 2.9.1
[23:43:22] [Client thread/INFO]: Reloading ResourceManager: Default, FMLFileResourcePack:Forge Mod Loader, FMLFileResourcePack:Minecraft Forge, FMLFileResourcePack:NotEnoughItems, FMLFileResourcePack:Damage Indicators, FMLFileResourcePack:Advanced Solar Panels, FMLFileResourcePack:Adventure Backpack, FMLFileResourcePack:Armor Chroma, FMLFileResourcePack:BambooMod-彼梦汉化, FMLFileResourcePack:Better Sprinting, FMLFileResourcePack:Better Title Screen, FMLFileResourcePack:BiblioCraft, FMLFileResourcePack:BC Transport, FMLFileResourcePack:BC Builders, FMLFileResourcePack:BuildCraft, FMLFileResourcePack:BC Robotics, FMLFileResourcePack:BC Energy, FMLFileResourcePack:BC Silicon, FMLFileResourcePack:BC Factory, FMLFileResourcePack:CandyCraft, FMLFileResourcePack:CoFH Core, FMLFileResourcePack:Colourful Portals, FMLFileResourcePack:CraftGuide, FMLFileResourcePack:Durability Show, FMLFileResourcePack:Et Futurum Requiem, FMLFileResourcePack:FoamFix, FMLFileResourcePack:FoodCraft(FoodCraft), FMLFileResourcePack:Forestry for Minecraft, FMLFileResourcePack:FPS Reducer, FMLFileResourcePack:Galacticraft Core, FMLFileResourcePack:Galacticraft Planets, FMLFileResourcePack:IndustrialCraft 2, FMLFileResourcePack:Inventory Tweaks, FMLFileResourcePack:It's the little things, FMLFileResourcePack:JourneyMap, FMLFileResourcePack:Light Level Overlay Reloaded, FMLFileResourcePack:LunatriusCore, FMLFileResourcePack:Mouse Tweaks, FMLFileResourcePack:NEI Addons: Developer Tools, FMLFileResourcePack:NEI Addons: Applied Energistics 2, FMLFileResourcePack:NEI Addons: Botany, FMLFileResourcePack:NEI Addons: Forestry, FMLFileResourcePack:NEI Addons: Crafting Tables, FMLFileResourcePack:NEI Addons, FMLFileResourcePack:NEI Addons: Ex Nihilo, FMLFileResourcePack:NEI Integration, FMLFileResourcePack:Not Enough Pets, FMLFileResourcePack:Omni Ocular, FMLFileResourcePack:Railcraft, FMLFileResourcePack:Schematica, FMLFileResourcePack:Simple Leather, FMLFileResourcePack:SkidGen, FMLFileResourcePack:Somnia, FMLFileResourcePack:Thermal Expansion, FMLFileResourcePack:Thermal Foundation, FMLFileResourcePack:The Tool Tooltip Tool, FMLFileResourcePack:The Twilight Forest, FMLFileResourcePack:UniDict, FMLFileResourcePack:UniMixins, FMLFileResourcePack:UniMixins: Mixin (UniMix), FMLFileResourcePack:UniMixins: Compatibility, FMLFileResourcePack:UniMixins: Mixingasm, FMLFileResourcePack:UniMixins: SpongeMixins, FMLFileResourcePack:UniMixins: MixinBooterLegacy, FMLFileResourcePack:UniMixins: GTNHMixins, FMLFileResourcePack:UniMixins: MixinExtras, FMLFileResourcePack:Vein Miner, FMLFileResourcePack:Mod Support, FMLFileResourcePack:Village Names, FMLFileResourcePack:Waila, FMLFileResourcePack:WAILA-features, FMLFileResourcePack:Waila Harvestability, FMLFileResourcePack:WanionLib, FMLFileResourcePack:Balkon's WeaponMod, FMLFileResourcePack:WorldEdit, FMLFileResourcePack:WorldEdit CUI Forge Edition, FMLFileResourcePack:Cute Mob Models, FMLFileResourcePack:Zyin's HUD, 材质包breeZe+v2.zip, 补充汉化材质包-1.7.10.zip, Cute Mob Models Sounds.zip
[23:43:40] [Sound Library Loader/INFO]: Sound engine started
[23:43:42] [Client thread/INFO]: Created: 16x16 textures/blocks-atlas
[23:43:42] [Client thread/INFO]: Created: 16x16 textures/items-atlas
[23:44:07] [Client thread/INFO]: Reloading ResourceManager: Default, FMLFileResourcePack:Forge Mod Loader, FMLFileResourcePack:Minecraft Forge, FMLFileResourcePack:NotEnoughItems, FMLFileResourcePack:Damage Indicators, FMLFileResourcePack:Advanced Solar Panels, FMLFileResourcePack:Adventure Backpack, FMLFileResourcePack:Armor Chroma, FMLFileResourcePack:BambooMod-彼梦汉化, FMLFileResourcePack:Better Sprinting, FMLFileResourcePack:Better Title Screen, FMLFileResourcePack:BiblioCraft, FMLFileResourcePack:BC Transport, FMLFileResourcePack:BC Builders, FMLFileResourcePack:BuildCraft, FMLFileResourcePack:BC Robotics, FMLFileResourcePack:BC Energy, FMLFileResourcePack:BC Silicon, FMLFileResourcePack:BC Factory, FMLFileResourcePack:CandyCraft, FMLFileResourcePack:CoFH Core, FMLFileResourcePack:Colourful Portals, FMLFileResourcePack:CraftGuide, FMLFileResourcePack:Durability Show, FMLFileResourcePack:Et Futurum Requiem, FMLFileResourcePack:FoamFix, FMLFileResourcePack:FoodCraft(FoodCraft), FMLFileResourcePack:Forestry for Minecraft, FMLFileResourcePack:FPS Reducer, FMLFileResourcePack:Galacticraft Core, FMLFileResourcePack:Galacticraft Planets, FMLFileResourcePack:IndustrialCraft 2, FMLFileResourcePack:Inventory Tweaks, FMLFileResourcePack:It's the little things, FMLFileResourcePack:JourneyMap, FMLFileResourcePack:Light Level Overlay Reloaded, FMLFileResourcePack:LunatriusCore, FMLFileResourcePack:Mouse Tweaks, FMLFileResourcePack:NEI Addons: Developer Tools, FMLFileResourcePack:NEI Addons: Applied Energistics 2, FMLFileResourcePack:NEI Addons: Botany, FMLFileResourcePack:NEI Addons: Forestry, FMLFileResourcePack:NEI Addons: Crafting Tables, FMLFileResourcePack:NEI Addons, FMLFileResourcePack:NEI Addons: Ex Nihilo, FMLFileResourcePack:NEI Integration, FMLFileResourcePack:§eNot Enough Pets§r, FMLFileResourcePack:Omni Ocular, FMLFileResourcePack:Railcraft, FMLFileResourcePack:Schematica, FMLFileResourcePack:Simple Leather, FMLFileResourcePack:§6Skid§aGen, FMLFileResourcePack:Somnia, FMLFileResourcePack:Thermal Expansion, FMLFileResourcePack:Thermal Foundation, FMLFileResourcePack:The Tool Tooltip Tool, FMLFileResourcePack:The Twilight Forest, FMLFileResourcePack:UniDict, FMLFileResourcePack:UniMixins, FMLFileResourcePack:UniMixins: Mixin (UniMix), FMLFileResourcePack:UniMixins: Compatibility, FMLFileResourcePack:UniMixins: Mixingasm, FMLFileResourcePack:UniMixins: SpongeMixins, FMLFileResourcePack:UniMixins: MixinBooterLegacy, FMLFileResourcePack:UniMixins: GTNHMixins, FMLFileResourcePack:UniMixins: MixinExtras, FMLFileResourcePack:Vein Miner, FMLFileResourcePack:Mod Support, FMLFileResourcePack:§6Village Names§r, FMLFileResourcePack:Waila, FMLFileResourcePack:WAILA Features, FMLFileResourcePack:Waila Harvestability, FMLFileResourcePack:WanionLib, FMLFileResourcePack:Balkon's WeaponMod, FMLFileResourcePack:WorldEdit, FMLFileResourcePack:WorldEdit CUI Forge Edition, FMLFileResourcePack:Cute Mob Models, FMLFileResourcePack:Zyin's HUD, AssetDirector, etfuturum/vanilla_overrides, Et Futurum Requiem dynamic greyscale water for potion cauldrons, Et Futurum Requiem dynamic sounds.json, 材质包breeZe+v2.zip, 补充汉化材质包-1.7.10.zip, Cute Mob Models Sounds.zip
[23:44:13] [Client thread/INFO]: Created: 2048x1024 textures/blocks-atlas
[23:44:15] [Client thread/ERROR]: Using missing texture, unable to load foodcraft:textures/items/ItemYouzizhi.png, java.io.FileNotFoundException
[23:44:15] [Client thread/ERROR]: Using missing texture, unable to load foodcraft:textures/items/ItemQiaokelishui.png, java.io.FileNotFoundException
[23:44:15] [Client thread/ERROR]: Using missing texture, unable to load foodcraft:textures/items/ItemYumizhi.png, java.io.FileNotFoundException
[23:44:15] [Client thread/ERROR]: Using missing texture, unable to load foodcraft:textures/items/ItemBailuobozhi.png, java.io.FileNotFoundException
[23:44:15] [Client thread/ERROR]: Using missing texture, unable to load foodcraft:textures/items/ItemMuguazhi.png, java.io.FileNotFoundException
[23:44:15] [Client thread/ERROR]: Using missing texture, unable to load foodcraft:textures/items/ItemCha.png, java.io.FileNotFoundException
[23:44:15] [Client thread/ERROR]: Using missing texture, unable to load foodcraft:textures/items/ItemHongzaozhi.png, java.io.FileNotFoundException
[23:44:15] [Client thread/ERROR]: Using missing texture, unable to load foodcraft:textures/items/ItemYezizhi.png, java.io.FileNotFoundException
[23:44:15] [Client thread/ERROR]: Using missing texture, unable to load foodcraft:textures/items/ItemYenai.png, java.io.FileNotFoundException
[23:44:15] [Client thread/ERROR]: Using missing texture, unable to load foodcraft:textures/items/ItemPutaozhi.png, java.io.FileNotFoundException
[23:44:15] [Client thread/ERROR]: Using missing texture, unable to load foodcraft:textures/items/ItemTest.png, java.io.FileNotFoundException
[23:44:15] [Client thread/ERROR]: Using missing texture, unable to load foodcraft:textures/items/ItemShanzhazhi.png, java.io.FileNotFoundException
[23:44:15] [Client thread/ERROR]: Using missing texture, unable to load foodcraft:textures/items/ItemNaicha.png, java.io.FileNotFoundException
[23:44:15] [Client thread/ERROR]: Using missing texture, unable to load foodcraft:textures/items/ItemTaozizhi.png, java.io.FileNotFoundException
[23:44:15] [Client thread/ERROR]: Using missing texture, unable to load foodcraft:textures/items/ItemXuebi.png, java.io.FileNotFoundException
[23:44:15] [Client thread/ERROR]: Using missing texture, unable to load foodcraft:textures/items/ItemCaomeizhi.png, java.io.FileNotFoundException
[23:44:15] [Client thread/ERROR]: Using missing texture, unable to load foodcraft:textures/items/ItemDounai.png, java.io.FileNotFoundException
[23:44:15] [Client thread/ERROR]: Using missing texture, unable to load foodcraft:textures/items/ItemMangguozhi.png, java.io.FileNotFoundException
[23:44:15] [Client thread/ERROR]: Using missing texture, unable to load foodcraft:textures/items/ItemShizizhi.png, java.io.FileNotFoundException
[23:44:15] [Client thread/ERROR]: Using missing texture, unable to load foodcraft:textures/items/ItemJuzizhi.png, java.io.FileNotFoundException
[23:44:15] [Client thread/ERROR]: Using missing texture, unable to load foodcraft:textures/items/ItemJinpingguozhi.png, java.io.FileNotFoundException
[23:44:15] [Client thread/ERROR]: Using missing texture, unable to load buildcraft:textures/items/triggers/trigger_machine_inactive.png, java.io.FileNotFoundException
[23:44:15] [Client thread/ERROR]: Using missing texture, unable to load foodcraft:textures/items/ItemHuluobozhi.png, java.io.FileNotFoundException
[23:44:15] [Client thread/ERROR]: Using missing texture, unable to load foodcraft:textures/items/ItemShiliuzhi.png, java.io.FileNotFoundException
[23:44:15] [Client thread/ERROR]: Using missing texture, unable to load foodcraft:textures/items/ItemHuangguazhi.png, java.io.FileNotFoundException
[23:44:15] [Client thread/ERROR]: Using missing texture, unable to load foodcraft:textures/items/ItemNingmengzhi.png, java.io.FileNotFoundException
[23:44:15] [Client thread/ERROR]: Using missing texture, unable to load foodcraft:textures/items/ItemFanqiezhi.png, java.io.FileNotFoundException
[23:44:15] [Client thread/ERROR]: Using missing texture, unable to load foodcraft:textures/items/ItemShucaizhi.png, java.io.FileNotFoundException
[23:44:15] [Client thread/ERROR]: Using missing texture, unable to load foodcraft:textures/items/ItemJinputaozhi.png, java.io.FileNotFoundException
[23:44:15] [Client thread/ERROR]: Using missing texture, unable to load foodcraft:textures/items/ItemKafei.png, java.io.FileNotFoundException
[23:44:15] [Client thread/ERROR]: Using missing texture, unable to load foodcraft:textures/items/ItemKele.png, java.io.FileNotFoundException
[23:44:15] [Client thread/ERROR]: Using missing texture, unable to load foodcraft:textures/items/ItemXiguazhi.png, java.io.FileNotFoundException
[23:44:15] [Client thread/ERROR]: Using missing texture, unable to load foodcraft:textures/items/ItemQiaokelinai.png, java.io.FileNotFoundException
[23:44:15] [Client thread/ERROR]: Using missing texture, unable to load buildcraft:textures/items/triggers/trigger_machine_active.png, java.io.FileNotFoundException
[23:44:15] [Client thread/ERROR]: Using missing texture, unable to load foodcraft:textures/items/ItemLizizhi.png, java.io.FileNotFoundException
[23:44:16] [Client thread/ERROR]: Using missing texture, unable to load foodcraft:textures/items/ItemPipazhi.png, java.io.FileNotFoundException
[23:44:16] [Client thread/ERROR]: Using missing texture, unable to load foodcraft:textures/items/ItemPingguozhi.png, java.io.FileNotFoundException
[23:44:16] [Client thread/ERROR]: Using missing texture, unable to load foodcraft:textures/items/ItemLizhizhi.png, java.io.FileNotFoundException
[23:44:16] [Client thread/ERROR]: Using missing texture, unable to load foodcraft:textures/items/ItemYingtaozhi.png, java.io.FileNotFoundException
[23:44:16] [Client thread/INFO]: Created: 1024x1024 textures/items-atlas
[23:44:17] [Sound Library Loader/INFO]: Sound engine started
[23:44:35] [Client thread/INFO]: Connecting to ceramiku.top, 25565
[23:45:49] [Client thread/INFO]: [CHAT] Damage Indicators was unable to check for updates!
[23:45:50] [Client thread/INFO]: [CHAT] [Shaders] Error: Invalid program "gbuffers_skybasic"
[23:45:50] [Client thread/INFO]: [CHAT] [Shaders] Error: Invalid program "gbuffers_clouds"
[23:45:51] [Client thread/INFO]: [CHAT] InvTweaks: 配置文件已载入
[23:45:51] [Client thread/INFO]: [CHAT] §e[CandyCraft]Checking update...
[23:45:52] [Client thread/INFO]: [CHAT] §eJourneyMap:§f 按下[§bJ§f]键
[23:45:52] [Client thread/INFO]: [CHAT] §6[CandyCraft]No update found.
[23:45:53] [Client thread/INFO]: [CHAT] VeinMiner 正使用热键模式, 详情请查看配置项
[23:45:53] [Client thread/INFO]: [CHAT] 已设置客户端 Veinminer 的热键为按下时启用
[23:45:54] [Client thread/INFO]: [CHAT] §4§1[CRITICAL]:§bBetterFPS§配置了一个糟糕的数学算法。不应该使用“rivens-half”或“taylors”来对你的世界造成损害。强烈建议您进入其配置并将“algorithm”更改为其他内容，最好是“vanilla”。之所以向您展示这一点，是因为前面提到的数学算法有缺陷，会生成不正确的数字，从而可能节省成本。
[23:45:54] [Client thread/INFO]: [CHAT] 为了您的安全，鞘翅飞行已被禁用。
[23:46:50] [Client thread/INFO]: [CHAT] 您的游戏模式已更新
[23:47:06] [Client thread/INFO]: Reloading ResourceManager: Default, FMLFileResourcePack:Forge Mod Loader, FMLFileResourcePack:Minecraft Forge, FMLFileResourcePack:NotEnoughItems, FMLFileResourcePack:Damage Indicators, FMLFileResourcePack:Advanced Solar Panels, FMLFileResourcePack:Adventure Backpack, FMLFileResourcePack:Armor Chroma, FMLFileResourcePack:BambooMod-彼梦汉化, FMLFileResourcePack:Better Sprinting, FMLFileResourcePack:Better Title Screen, FMLFileResourcePack:BiblioCraft, FMLFileResourcePack:BC Transport, FMLFileResourcePack:BC Builders, FMLFileResourcePack:BuildCraft, FMLFileResourcePack:BC Robotics, FMLFileResourcePack:BC Energy, FMLFileResourcePack:BC Silicon, FMLFileResourcePack:BC Factory, FMLFileResourcePack:CandyCraft, FMLFileResourcePack:CoFH Core, FMLFileResourcePack:Colourful Portals, FMLFileResourcePack:CraftGuide, FMLFileResourcePack:Durability Show, FMLFileResourcePack:Et Futurum Requiem, FMLFileResourcePack:FoamFix, FMLFileResourcePack:FoodCraft(FoodCraft), FMLFileResourcePack:Forestry for Minecraft, FMLFileResourcePack:FPS Reducer, FMLFileResourcePack:Galacticraft Core, FMLFileResourcePack:Galacticraft Planets, FMLFileResourcePack:IndustrialCraft 2, FMLFileResourcePack:Inventory Tweaks, FMLFileResourcePack:It's the little things, FMLFileResourcePack:JourneyMap, FMLFileResourcePack:Light Level Overlay Reloaded, FMLFileResourcePack:LunatriusCore, FMLFileResourcePack:Mouse Tweaks, FMLFileResourcePack:NEI Addons: Developer Tools, FMLFileResourcePack:NEI Addons: Applied Energistics 2, FMLFileResourcePack:NEI Addons: Botany, FMLFileResourcePack:NEI Addons: Forestry, FMLFileResourcePack:NEI Addons: Crafting Tables, FMLFileResourcePack:NEI Addons, FMLFileResourcePack:NEI Addons: Ex Nihilo, FMLFileResourcePack:NEI Integration, FMLFileResourcePack:§eNot Enough Pets§r, FMLFileResourcePack:Omni Ocular, FMLFileResourcePack:Railcraft, FMLFileResourcePack:Schematica, FMLFileResourcePack:Simple Leather, FMLFileResourcePack:§6Skid§aGen, FMLFileResourcePack:Somnia, FMLFileResourcePack:Thermal Expansion, FMLFileResourcePack:Thermal Foundation, FMLFileResourcePack:The Tool Tooltip Tool, FMLFileResourcePack:The Twilight Forest, FMLFileResourcePack:UniDict, FMLFileResourcePack:UniMixins, FMLFileResourcePack:UniMixins: Mixin (UniMix), FMLFileResourcePack:UniMixins: Compatibility, FMLFileResourcePack:UniMixins: Mixingasm, FMLFileResourcePack:UniMixins: SpongeMixins, FMLFileResourcePack:UniMixins: MixinBooterLegacy, FMLFileResourcePack:UniMixins: GTNHMixins, FMLFileResourcePack:UniMixins: MixinExtras, FMLFileResourcePack:Vein Miner, FMLFileResourcePack:Mod Support, FMLFileResourcePack:§6Village Names§r, FMLFileResourcePack:Waila, FMLFileResourcePack:WAILA Features, FMLFileResourcePack:Waila Harvestability, FMLFileResourcePack:WanionLib, FMLFileResourcePack:Balkon's WeaponMod, FMLFileResourcePack:WorldEdit, FMLFileResourcePack:WorldEdit CUI Forge Edition, FMLFileResourcePack:Cute Mob Models, FMLFileResourcePack:Zyin's HUD, AssetDirector, etfuturum/vanilla_overrides, Et Futurum Requiem dynamic greyscale water for potion cauldrons, Et Futurum Requiem dynamic sounds.json, 材质包breeZe+v2.zip, 补充汉化材质包-1.7.10.zip, Cute Mob Models Sounds.zip
[23:47:11] [Client thread/INFO]: Created: 2048x1024 textures/blocks-atlas
[23:47:11] [Client thread/ERROR]: Using missing texture, unable to load foodcraft:textures/items/ItemYouzizhi.png, java.io.FileNotFoundException
[23:47:11] [Client thread/ERROR]: Using missing texture, unable to load foodcraft:textures/items/ItemQiaokelishui.png, java.io.FileNotFoundException
[23:47:11] [Client thread/ERROR]: Using missing texture, unable to load foodcraft:textures/items/ItemYumizhi.png, java.io.FileNotFoundException
[23:47:11] [Client thread/ERROR]: Using missing texture, unable to load foodcraft:textures/items/ItemBailuobozhi.png, java.io.FileNotFoundException
[23:47:11] [Client thread/ERROR]: Using missing texture, unable to load foodcraft:textures/items/ItemMuguazhi.png, java.io.FileNotFoundException
[23:47:11] [Client thread/ERROR]: Using missing texture, unable to load foodcraft:textures/items/ItemCha.png, java.io.FileNotFoundException
[23:47:11] [Client thread/ERROR]: Using missing texture, unable to load foodcraft:textures/items/ItemHongzaozhi.png, java.io.FileNotFoundException
[23:47:11] [Client thread/ERROR]: Using missing texture, unable to load foodcraft:textures/items/ItemYezizhi.png, java.io.FileNotFoundException
[23:47:11] [Client thread/ERROR]: Using missing texture, unable to load foodcraft:textures/items/ItemYenai.png, java.io.FileNotFoundException
[23:47:11] [Client thread/ERROR]: Using missing texture, unable to load foodcraft:textures/items/ItemPutaozhi.png, java.io.FileNotFoundException
[23:47:11] [Client thread/ERROR]: Using missing texture, unable to load foodcraft:textures/items/ItemTest.png, java.io.FileNotFoundException
[23:47:11] [Client thread/ERROR]: Using missing texture, unable to load foodcraft:textures/items/ItemShanzhazhi.png, java.io.FileNotFoundException
[23:47:11] [Client thread/ERROR]: Using missing texture, unable to load foodcraft:textures/items/ItemNaicha.png, java.io.FileNotFoundException
[23:47:11] [Client thread/ERROR]: Using missing texture, unable to load foodcraft:textures/items/ItemTaozizhi.png, java.io.FileNotFoundException
[23:47:11] [Client thread/ERROR]: Using missing texture, unable to load foodcraft:textures/items/ItemXuebi.png, java.io.FileNotFoundException
[23:47:11] [Client thread/ERROR]: Using missing texture, unable to load foodcraft:textures/items/ItemCaomeizhi.png, java.io.FileNotFoundException
[23:47:11] [Client thread/ERROR]: Using missing texture, unable to load foodcraft:textures/items/ItemDounai.png, java.io.FileNotFoundException
[23:47:11] [Client thread/ERROR]: Using missing texture, unable to load foodcraft:textures/items/ItemMangguozhi.png, java.io.FileNotFoundException
[23:47:11] [Client thread/ERROR]: Using missing texture, unable to load foodcraft:textures/items/ItemShizizhi.png, java.io.FileNotFoundException
[23:47:11] [Client thread/ERROR]: Using missing texture, unable to load foodcraft:textures/items/ItemJuzizhi.png, java.io.FileNotFoundException
[23:47:11] [Client thread/ERROR]: Using missing texture, unable to load foodcraft:textures/items/ItemJinpingguozhi.png, java.io.FileNotFoundException
[23:47:11] [Client thread/ERROR]: Using missing texture, unable to load buildcraft:textures/items/triggers/trigger_machine_inactive.png, java.io.FileNotFoundException
[23:47:11] [Client thread/ERROR]: Using missing texture, unable to load foodcraft:textures/items/ItemHuluobozhi.png, java.io.FileNotFoundException
[23:47:11] [Client thread/ERROR]: Using missing texture, unable to load foodcraft:textures/items/ItemShiliuzhi.png, java.io.FileNotFoundException
[23:47:11] [Client thread/ERROR]: Using missing texture, unable to load foodcraft:textures/items/ItemHuangguazhi.png, java.io.FileNotFoundException
[23:47:11] [Client thread/ERROR]: Using missing texture, unable to load foodcraft:textures/items/ItemNingmengzhi.png, java.io.FileNotFoundException
[23:47:11] [Client thread/ERROR]: Using missing texture, unable to load foodcraft:textures/items/ItemFanqiezhi.png, java.io.FileNotFoundException
[23:47:11] [Client thread/ERROR]: Using missing texture, unable to load foodcraft:textures/items/ItemShucaizhi.png, java.io.FileNotFoundException
[23:47:11] [Client thread/ERROR]: Using missing texture, unable to load foodcraft:textures/items/ItemJinputaozhi.png, java.io.FileNotFoundException
[23:47:11] [Client thread/ERROR]: Using missing texture, unable to load foodcraft:textures/items/ItemKafei.png, java.io.FileNotFoundException
[23:47:11] [Client thread/ERROR]: Using missing texture, unable to load foodcraft:textures/items/ItemKele.png, java.io.FileNotFoundException
[23:47:11] [Client thread/ERROR]: Using missing texture, unable to load foodcraft:textures/items/ItemXiguazhi.png, java.io.FileNotFoundException
[23:47:11] [Client thread/ERROR]: Using missing texture, unable to load foodcraft:textures/items/ItemQiaokelinai.png, java.io.FileNotFoundException
[23:47:11] [Client thread/ERROR]: Using missing texture, unable to load buildcraft:textures/items/triggers/trigger_machine_active.png, java.io.FileNotFoundException
[23:47:11] [Client thread/ERROR]: Using missing texture, unable to load foodcraft:textures/items/ItemLizizhi.png, java.io.FileNotFoundException
[23:47:12] [Client thread/ERROR]: Using missing texture, unable to load foodcraft:textures/items/ItemPipazhi.png, java.io.FileNotFoundException
[23:47:12] [Client thread/ERROR]: Using missing texture, unable to load foodcraft:textures/items/ItemPingguozhi.png, java.io.FileNotFoundException
[23:47:12] [Client thread/ERROR]: Using missing texture, unable to load foodcraft:textures/items/ItemLizhizhi.png, java.io.FileNotFoundException
[23:47:12] [Client thread/ERROR]: Using missing texture, unable to load foodcraft:textures/items/ItemYingtaozhi.png, java.io.FileNotFoundException
[23:47:12] [Client thread/INFO]: Created: 1024x1024 textures/items-atlas
[23:47:13] [Sound Library Loader/INFO]: Sound engine started
[23:47:37] [Client thread/INFO]: [CHAT] Ceramiku 刚刚获得了 [打开物品栏] 成就！
[23:50:11] [Client thread/INFO]: [CHAT] 未知指令。请使用/help来查看指令列表。
[23:51:22] [Client thread/INFO]: Stopping!
